05-Dec-2021 14:02:17.810 WARNING [main] org.apache.tomcat.util.digester.SetPropertiesRule.begin Match [Server/Service/Engine/Host/Context] failed to set property [debug] to [0]
05-Dec-2021 14:02:17.874 INFO [main] org.apache.catalina.startup.VersionLoggerListener.log Server version name:   Apache Tomcat/9.0.29
05-Dec-2021 14:02:17.876 INFO [main] org.apache.catalina.startup.VersionLoggerListener.log Server built:          Nov 16 2019 17:29:07 UTC
05-Dec-2021 14:02:17.877 INFO [main] org.apache.catalina.startup.VersionLoggerListener.log Server version number: 9.0.29.0
05-Dec-2021 14:02:17.879 INFO [main] org.apache.catalina.startup.VersionLoggerListener.log OS Name:               Linux
05-Dec-2021 14:02:17.880 INFO [main] org.apache.catalina.startup.VersionLoggerListener.log OS Version:            4.19.121-linuxkit
05-Dec-2021 14:02:17.882 INFO [main] org.apache.catalina.startup.VersionLoggerListener.log Architecture:          amd64
05-Dec-2021 14:02:17.883 INFO [main] org.apache.catalina.startup.VersionLoggerListener.log Java Home:             /opt/jdk1.8.0_131/jre
05-Dec-2021 14:02:17.884 INFO [main] org.apache.catalina.startup.VersionLoggerListener.log JVM Version:           1.8.0_131-b11
05-Dec-2021 14:02:17.886 INFO [main] org.apache.catalina.startup.VersionLoggerListener.log JVM Vendor:            Oracle Corporation
05-Dec-2021 14:02:17.887 INFO [main] org.apache.catalina.startup.VersionLoggerListener.log CATALINA_BASE:         /opt/apache-tomcat-9.0.29
05-Dec-2021 14:02:17.889 INFO [main] org.apache.catalina.startup.VersionLoggerListener.log CATALINA_HOME:         /opt/apache-tomcat-9.0.29
05-Dec-2021 14:02:17.892 INFO [main] org.apache.catalina.startup.VersionLoggerListener.log Command line argument: -Djava.util.logging.config.file=/opt/apache-tomcat-9.0.29/conf/logging.properties
05-Dec-2021 14:02:17.894 INFO [main] org.apache.catalina.startup.VersionLoggerListener.log Command line argument: -Djava.util.logging.manager=org.apache.juli.ClassLoaderLogManager
05-Dec-2021 14:02:17.896 INFO [main] org.apache.catalina.startup.VersionLoggerListener.log Command line argument: -Djdk.tls.ephemeralDHKeySize=2048
05-Dec-2021 14:02:17.897 INFO [main] org.apache.catalina.startup.VersionLoggerListener.log Command line argument: -Djava.protocol.handler.pkgs=org.apache.catalina.webresources
05-Dec-2021 14:02:17.898 INFO [main] org.apache.catalina.startup.VersionLoggerListener.log Command line argument: -Dorg.apache.catalina.security.SecurityListener.UMASK=0027
05-Dec-2021 14:02:17.901 INFO [main] org.apache.catalina.startup.VersionLoggerListener.log Command line argument: -Dignore.endorsed.dirs=
05-Dec-2021 14:02:17.903 INFO [main] org.apache.catalina.startup.VersionLoggerListener.log Command line argument: -Dcatalina.base=/opt/apache-tomcat-9.0.29
05-Dec-2021 14:02:17.905 INFO [main] org.apache.catalina.startup.VersionLoggerListener.log Command line argument: -Dcatalina.home=/opt/apache-tomcat-9.0.29
05-Dec-2021 14:02:17.906 INFO [main] org.apache.catalina.startup.VersionLoggerListener.log Command line argument: -Djava.io.tmpdir=/opt/apache-tomcat-9.0.29/temp
05-Dec-2021 14:02:17.908 INFO [main] org.apache.catalina.core.AprLifecycleListener.lifecycleEvent The APR based Apache Tomcat Native library which allows optimal performance in production environments was not found on the java.library.path: [/usr/java/packages/lib/amd64:/usr/lib64:/lib64:/lib:/usr/lib]
05-Dec-2021 14:02:18.540 INFO [main] org.apache.coyote.AbstractProtocol.init Initializing ProtocolHandler ["http-nio-8088"]
05-Dec-2021 14:02:18.619 INFO [main] org.apache.coyote.AbstractProtocol.init Initializing ProtocolHandler ["ajp-nio-8009"]
05-Dec-2021 14:02:18.634 INFO [main] org.apache.catalina.startup.Catalina.load Server initialization in [1,357] milliseconds
05-Dec-2021 14:02:18.711 INFO [main] org.apache.catalina.core.StandardService.startInternal Starting service [Catalina]
05-Dec-2021 14:02:18.712 INFO [main] org.apache.catalina.core.StandardEngine.startInternal Starting Servlet engine: [Apache Tomcat/9.0.29]
05-Dec-2021 14:02:22.610 INFO [main] org.apache.jasper.servlet.TldScanner.scanJars At least one JAR was scanned for TLDs yet contained no TLDs. Enable debug logging for this logger for a complete list of JARs that were scanned but no TLDs were found in them. Skipping unneeded JARs during scanning can improve startup time and JSP compilation time.
05-Dec-2021 14:02:22.935 INFO [main] org.apache.catalina.startup.HostConfig.deployDirectory Deploying web application directory [/opt/apache-tomcat-9.0.29/webapps/manager]
05-Dec-2021 14:02:23.018 INFO [main] org.apache.catalina.startup.HostConfig.deployDirectory Deployment of web application directory [/opt/apache-tomcat-9.0.29/webapps/manager] has finished in [83] ms
05-Dec-2021 14:02:23.020 INFO [main] org.apache.catalina.startup.HostConfig.deployDirectory Deploying web application directory [/opt/apache-tomcat-9.0.29/webapps/docs]
05-Dec-2021 14:02:23.054 INFO [main] org.apache.catalina.startup.HostConfig.deployDirectory Deployment of web application directory [/opt/apache-tomcat-9.0.29/webapps/docs] has finished in [33] ms
05-Dec-2021 14:02:23.058 INFO [main] org.apache.catalina.startup.HostConfig.deployDirectory Deploying web application directory [/opt/apache-tomcat-9.0.29/webapps/examples]
05-Dec-2021 14:02:23.377 INFO [main] org.apache.catalina.startup.HostConfig.deployDirectory Deployment of web application directory [/opt/apache-tomcat-9.0.29/webapps/examples] has finished in [318] ms
05-Dec-2021 14:02:23.378 INFO [main] org.apache.catalina.startup.HostConfig.deployDirectory Deploying web application directory [/opt/apache-tomcat-9.0.29/webapps/host-manager]
05-Dec-2021 14:02:23.403 INFO [main] org.apache.catalina.startup.HostConfig.deployDirectory Deployment of web application directory [/opt/apache-tomcat-9.0.29/webapps/host-manager] has finished in [24] ms
05-Dec-2021 14:02:23.404 INFO [main] org.apache.catalina.startup.HostConfig.deployDirectory Deploying web application directory [/opt/apache-tomcat-9.0.29/webapps/ROOT]
05-Dec-2021 14:02:23.441 INFO [main] org.apache.catalina.startup.HostConfig.deployDirectory Deployment of web application directory [/opt/apache-tomcat-9.0.29/webapps/ROOT] has finished in [36] ms
05-Dec-2021 14:02:23.478 INFO [main] org.apache.coyote.AbstractProtocol.start Starting ProtocolHandler ["http-nio-8088"]
05-Dec-2021 14:02:23.523 INFO [main] org.apache.coyote.AbstractProtocol.start Starting ProtocolHandler ["ajp-nio-8009"]
05-Dec-2021 14:02:23.540 INFO [main] org.apache.catalina.startup.Catalina.start Server startup in [4,901] milliseconds
