04-Dec-2021 15:01:30.040 WARNING [main] org.apache.tomcat.util.digester.SetPropertiesRule.begin Match [Server/Service/Engine/Host/Context] failed to set property [debug] to [0]
04-Dec-2021 15:01:30.106 INFO [main] org.apache.catalina.startup.VersionLoggerListener.log Server version name:   Apache Tomcat/9.0.29
04-Dec-2021 15:01:30.108 INFO [main] org.apache.catalina.startup.VersionLoggerListener.log Server built:          Nov 16 2019 17:29:07 UTC
04-Dec-2021 15:01:30.110 INFO [main] org.apache.catalina.startup.VersionLoggerListener.log Server version number: 9.0.29.0
04-Dec-2021 15:01:30.111 INFO [main] org.apache.catalina.startup.VersionLoggerListener.log OS Name:               Linux
04-Dec-2021 15:01:30.113 INFO [main] org.apache.catalina.startup.VersionLoggerListener.log OS Version:            4.19.121-linuxkit
04-Dec-2021 15:01:30.115 INFO [main] org.apache.catalina.startup.VersionLoggerListener.log Architecture:          amd64
04-Dec-2021 15:01:30.116 INFO [main] org.apache.catalina.startup.VersionLoggerListener.log Java Home:             /opt/jdk1.8.0_131/jre
04-Dec-2021 15:01:30.118 INFO [main] org.apache.catalina.startup.VersionLoggerListener.log JVM Version:           1.8.0_131-b11
04-Dec-2021 15:01:30.120 INFO [main] org.apache.catalina.startup.VersionLoggerListener.log JVM Vendor:            Oracle Corporation
04-Dec-2021 15:01:30.124 INFO [main] org.apache.catalina.startup.VersionLoggerListener.log CATALINA_BASE:         /opt/apache-tomcat-9.0.29
04-Dec-2021 15:01:30.126 INFO [main] org.apache.catalina.startup.VersionLoggerListener.log CATALINA_HOME:         /opt/apache-tomcat-9.0.29
04-Dec-2021 15:01:30.131 INFO [main] org.apache.catalina.startup.VersionLoggerListener.log Command line argument: -Djava.util.logging.config.file=/opt/apache-tomcat-9.0.29/conf/logging.properties
04-Dec-2021 15:01:30.133 INFO [main] org.apache.catalina.startup.VersionLoggerListener.log Command line argument: -Djava.util.logging.manager=org.apache.juli.ClassLoaderLogManager
04-Dec-2021 15:01:30.135 INFO [main] org.apache.catalina.startup.VersionLoggerListener.log Command line argument: -Djdk.tls.ephemeralDHKeySize=2048
04-Dec-2021 15:01:30.136 INFO [main] org.apache.catalina.startup.VersionLoggerListener.log Command line argument: -Djava.protocol.handler.pkgs=org.apache.catalina.webresources
04-Dec-2021 15:01:30.138 INFO [main] org.apache.catalina.startup.VersionLoggerListener.log Command line argument: -Dorg.apache.catalina.security.SecurityListener.UMASK=0027
04-Dec-2021 15:01:30.140 INFO [main] org.apache.catalina.startup.VersionLoggerListener.log Command line argument: -Dignore.endorsed.dirs=
04-Dec-2021 15:01:30.141 INFO [main] org.apache.catalina.startup.VersionLoggerListener.log Command line argument: -Dcatalina.base=/opt/apache-tomcat-9.0.29
04-Dec-2021 15:01:30.142 INFO [main] org.apache.catalina.startup.VersionLoggerListener.log Command line argument: -Dcatalina.home=/opt/apache-tomcat-9.0.29
04-Dec-2021 15:01:30.144 INFO [main] org.apache.catalina.startup.VersionLoggerListener.log Command line argument: -Djava.io.tmpdir=/opt/apache-tomcat-9.0.29/temp
04-Dec-2021 15:01:30.146 INFO [main] org.apache.catalina.core.AprLifecycleListener.lifecycleEvent The APR based Apache Tomcat Native library which allows optimal performance in production environments was not found on the java.library.path: [/usr/java/packages/lib/amd64:/usr/lib64:/lib64:/lib:/usr/lib]
04-Dec-2021 15:01:30.841 INFO [main] org.apache.coyote.AbstractProtocol.init Initializing ProtocolHandler ["http-nio-8088"]
04-Dec-2021 15:01:30.929 INFO [main] org.apache.coyote.AbstractProtocol.init Initializing ProtocolHandler ["ajp-nio-8009"]
04-Dec-2021 15:01:30.943 INFO [main] org.apache.catalina.startup.Catalina.load Server initialization in [1,364] milliseconds
04-Dec-2021 15:01:31.014 INFO [main] org.apache.catalina.core.StandardService.startInternal Starting service [Catalina]
04-Dec-2021 15:01:31.031 INFO [main] org.apache.catalina.core.StandardEngine.startInternal Starting Servlet engine: [Apache Tomcat/9.0.29]
04-Dec-2021 15:01:31.098 SEVERE [main] org.apache.catalina.core.ContainerBase.startInternal A child container failed during start
	java.util.concurrent.ExecutionException: org.apache.catalina.LifecycleException: Failed to start component [org.apache.catalina.webresources.StandardRoot@307f6b8c]
		at java.util.concurrent.FutureTask.report(FutureTask.java:122)
		at java.util.concurrent.FutureTask.get(FutureTask.java:192)
		at org.apache.catalina.core.ContainerBase.startInternal(ContainerBase.java:916)
		at org.apache.catalina.core.StandardHost.startInternal(StandardHost.java:841)
		at org.apache.catalina.util.LifecycleBase.start(LifecycleBase.java:183)
		at org.apache.catalina.core.ContainerBase$StartChild.call(ContainerBase.java:1384)
		at org.apache.catalina.core.ContainerBase$StartChild.call(ContainerBase.java:1374)
		at java.util.concurrent.FutureTask.run(FutureTask.java:266)
		at org.apache.tomcat.util.threads.InlineExecutorService.execute(InlineExecutorService.java:75)
		at java.util.concurrent.AbstractExecutorService.submit(AbstractExecutorService.java:134)
		at org.apache.catalina.core.ContainerBase.startInternal(ContainerBase.java:909)
		at org.apache.catalina.core.StandardEngine.startInternal(StandardEngine.java:262)
		at org.apache.catalina.util.LifecycleBase.start(LifecycleBase.java:183)
		at org.apache.catalina.core.StandardService.startInternal(StandardService.java:421)
		at org.apache.catalina.util.LifecycleBase.start(LifecycleBase.java:183)
		at org.apache.catalina.core.StandardServer.startInternal(StandardServer.java:930)
		at org.apache.catalina.util.LifecycleBase.start(LifecycleBase.java:183)
		at org.apache.catalina.startup.Catalina.start(Catalina.java:633)
		at sun.reflect.NativeMethodAccessorImpl.invoke0(Native Method)
		at sun.reflect.NativeMethodAccessorImpl.invoke(NativeMethodAccessorImpl.java:62)
		at sun.reflect.DelegatingMethodAccessorImpl.invoke(DelegatingMethodAccessorImpl.java:43)
		at java.lang.reflect.Method.invoke(Method.java:498)
		at org.apache.catalina.startup.Bootstrap.start(Bootstrap.java:343)
		at org.apache.catalina.startup.Bootstrap.main(Bootstrap.java:474)
	Caused by: org.apache.catalina.LifecycleException: Failed to start component [org.apache.catalina.webresources.StandardRoot@307f6b8c]
		at org.apache.catalina.util.LifecycleBase.handleSubClassException(LifecycleBase.java:440)
		at org.apache.catalina.util.LifecycleBase.start(LifecycleBase.java:198)
		at org.apache.catalina.core.StandardContext.resourcesStart(StandardContext.java:4800)
		at org.apache.catalina.core.StandardContext.startInternal(StandardContext.java:4935)
		at org.apache.catalina.util.LifecycleBase.start(LifecycleBase.java:183)
		at org.apache.catalina.core.ContainerBase$StartChild.call(ContainerBase.java:1384)
		at org.apache.catalina.core.ContainerBase$StartChild.call(ContainerBase.java:1374)
		at java.util.concurrent.FutureTask.run(FutureTask.java:266)
		at org.apache.tomcat.util.threads.InlineExecutorService.execute(InlineExecutorService.java:75)
		at java.util.concurrent.AbstractExecutorService.submit(AbstractExecutorService.java:134)
		at org.apache.catalina.core.ContainerBase.startInternal(ContainerBase.java:909)
		... 21 more
	Caused by: java.lang.IllegalArgumentException: The main resource set specified [/webapps/tmall/web] is not valid
		at org.apache.catalina.webresources.StandardRoot.createMainResourceSet(StandardRoot.java:752)
		at org.apache.catalina.webresources.StandardRoot.startInternal(StandardRoot.java:709)
		at org.apache.catalina.util.LifecycleBase.start(LifecycleBase.java:183)
		... 30 more
04-Dec-2021 15:01:31.107 SEVERE [main] org.apache.catalina.core.ContainerBase.startInternal A child container failed during start
	java.util.concurrent.ExecutionException: org.apache.catalina.LifecycleException: A child container failed during start
		at java.util.concurrent.FutureTask.report(FutureTask.java:122)
		at java.util.concurrent.FutureTask.get(FutureTask.java:192)
		at org.apache.catalina.core.ContainerBase.startInternal(ContainerBase.java:916)
		at org.apache.catalina.core.StandardEngine.startInternal(StandardEngine.java:262)
		at org.apache.catalina.util.LifecycleBase.start(LifecycleBase.java:183)
		at org.apache.catalina.core.StandardService.startInternal(StandardService.java:421)
		at org.apache.catalina.util.LifecycleBase.start(LifecycleBase.java:183)
		at org.apache.catalina.core.StandardServer.startInternal(StandardServer.java:930)
		at org.apache.catalina.util.LifecycleBase.start(LifecycleBase.java:183)
		at org.apache.catalina.startup.Catalina.start(Catalina.java:633)
		at sun.reflect.NativeMethodAccessorImpl.invoke0(Native Method)
		at sun.reflect.NativeMethodAccessorImpl.invoke(NativeMethodAccessorImpl.java:62)
		at sun.reflect.DelegatingMethodAccessorImpl.invoke(DelegatingMethodAccessorImpl.java:43)
		at java.lang.reflect.Method.invoke(Method.java:498)
		at org.apache.catalina.startup.Bootstrap.start(Bootstrap.java:343)
		at org.apache.catalina.startup.Bootstrap.main(Bootstrap.java:474)
	Caused by: org.apache.catalina.LifecycleException: A child container failed during start
		at org.apache.catalina.core.ContainerBase.startInternal(ContainerBase.java:928)
		at org.apache.catalina.core.StandardHost.startInternal(StandardHost.java:841)
		at org.apache.catalina.util.LifecycleBase.start(LifecycleBase.java:183)
		at org.apache.catalina.core.ContainerBase$StartChild.call(ContainerBase.java:1384)
		at org.apache.catalina.core.ContainerBase$StartChild.call(ContainerBase.java:1374)
		at java.util.concurrent.FutureTask.run(FutureTask.java:266)
		at org.apache.tomcat.util.threads.InlineExecutorService.execute(InlineExecutorService.java:75)
		at java.util.concurrent.AbstractExecutorService.submit(AbstractExecutorService.java:134)
		at org.apache.catalina.core.ContainerBase.startInternal(ContainerBase.java:909)
		... 13 more
	Caused by: java.util.concurrent.ExecutionException: org.apache.catalina.LifecycleException: Failed to start component [org.apache.catalina.webresources.StandardRoot@307f6b8c]
		at java.util.concurrent.FutureTask.report(FutureTask.java:122)
		at java.util.concurrent.FutureTask.get(FutureTask.java:192)
		at org.apache.catalina.core.ContainerBase.startInternal(ContainerBase.java:916)
		... 21 more
	Caused by: org.apache.catalina.LifecycleException: Failed to start component [org.apache.catalina.webresources.StandardRoot@307f6b8c]
		at org.apache.catalina.util.LifecycleBase.handleSubClassException(LifecycleBase.java:440)
		at org.apache.catalina.util.LifecycleBase.start(LifecycleBase.java:198)
		at org.apache.catalina.core.StandardContext.resourcesStart(StandardContext.java:4800)
		at org.apache.catalina.core.StandardContext.startInternal(StandardContext.java:4935)
		at org.apache.catalina.util.LifecycleBase.start(LifecycleBase.java:183)
		at org.apache.catalina.core.ContainerBase$StartChild.call(ContainerBase.java:1384)
		at org.apache.catalina.core.ContainerBase$StartChild.call(ContainerBase.java:1374)
		at java.util.concurrent.FutureTask.run(FutureTask.java:266)
		at org.apache.tomcat.util.threads.InlineExecutorService.execute(InlineExecutorService.java:75)
		at java.util.concurrent.AbstractExecutorService.submit(AbstractExecutorService.java:134)
		at org.apache.catalina.core.ContainerBase.startInternal(ContainerBase.java:909)
		... 21 more
	Caused by: java.lang.IllegalArgumentException: The main resource set specified [/webapps/tmall/web] is not valid
		at org.apache.catalina.webresources.StandardRoot.createMainResourceSet(StandardRoot.java:752)
		at org.apache.catalina.webresources.StandardRoot.startInternal(StandardRoot.java:709)
		at org.apache.catalina.util.LifecycleBase.start(LifecycleBase.java:183)
		... 30 more
04-Dec-2021 15:01:31.114 SEVERE [main] org.apache.catalina.startup.Catalina.start The required Server component failed to start so Tomcat is unable to start.
	org.apache.catalina.LifecycleException: A child container failed during start
		at org.apache.catalina.core.ContainerBase.startInternal(ContainerBase.java:928)
		at org.apache.catalina.core.StandardEngine.startInternal(StandardEngine.java:262)
		at org.apache.catalina.util.LifecycleBase.start(LifecycleBase.java:183)
		at org.apache.catalina.core.StandardService.startInternal(StandardService.java:421)
		at org.apache.catalina.util.LifecycleBase.start(LifecycleBase.java:183)
		at org.apache.catalina.core.StandardServer.startInternal(StandardServer.java:930)
		at org.apache.catalina.util.LifecycleBase.start(LifecycleBase.java:183)
		at org.apache.catalina.startup.Catalina.start(Catalina.java:633)
		at sun.reflect.NativeMethodAccessorImpl.invoke0(Native Method)
		at sun.reflect.NativeMethodAccessorImpl.invoke(NativeMethodAccessorImpl.java:62)
		at sun.reflect.DelegatingMethodAccessorImpl.invoke(DelegatingMethodAccessorImpl.java:43)
		at java.lang.reflect.Method.invoke(Method.java:498)
		at org.apache.catalina.startup.Bootstrap.start(Bootstrap.java:343)
		at org.apache.catalina.startup.Bootstrap.main(Bootstrap.java:474)
	Caused by: java.util.concurrent.ExecutionException: org.apache.catalina.LifecycleException: A child container failed during start
		at java.util.concurrent.FutureTask.report(FutureTask.java:122)
		at java.util.concurrent.FutureTask.get(FutureTask.java:192)
		at org.apache.catalina.core.ContainerBase.startInternal(ContainerBase.java:916)
		... 13 more
	Caused by: org.apache.catalina.LifecycleException: A child container failed during start
		at org.apache.catalina.core.ContainerBase.startInternal(ContainerBase.java:928)
		at org.apache.catalina.core.StandardHost.startInternal(StandardHost.java:841)
		at org.apache.catalina.util.LifecycleBase.start(LifecycleBase.java:183)
		at org.apache.catalina.core.ContainerBase$StartChild.call(ContainerBase.java:1384)
		at org.apache.catalina.core.ContainerBase$StartChild.call(ContainerBase.java:1374)
		at java.util.concurrent.FutureTask.run(FutureTask.java:266)
		at org.apache.tomcat.util.threads.InlineExecutorService.execute(InlineExecutorService.java:75)
		at java.util.concurrent.AbstractExecutorService.submit(AbstractExecutorService.java:134)
		at org.apache.catalina.core.ContainerBase.startInternal(ContainerBase.java:909)
		... 13 more
	Caused by: java.util.concurrent.ExecutionException: org.apache.catalina.LifecycleException: Failed to start component [org.apache.catalina.webresources.StandardRoot@307f6b8c]
		at java.util.concurrent.FutureTask.report(FutureTask.java:122)
		at java.util.concurrent.FutureTask.get(FutureTask.java:192)
		at org.apache.catalina.core.ContainerBase.startInternal(ContainerBase.java:916)
		... 21 more
	Caused by: org.apache.catalina.LifecycleException: Failed to start component [org.apache.catalina.webresources.StandardRoot@307f6b8c]
		at org.apache.catalina.util.LifecycleBase.handleSubClassException(LifecycleBase.java:440)
		at org.apache.catalina.util.LifecycleBase.start(LifecycleBase.java:198)
		at org.apache.catalina.core.StandardContext.resourcesStart(StandardContext.java:4800)
		at org.apache.catalina.core.StandardContext.startInternal(StandardContext.java:4935)
		at org.apache.catalina.util.LifecycleBase.start(LifecycleBase.java:183)
		at org.apache.catalina.core.ContainerBase$StartChild.call(ContainerBase.java:1384)
		at org.apache.catalina.core.ContainerBase$StartChild.call(ContainerBase.java:1374)
		at java.util.concurrent.FutureTask.run(FutureTask.java:266)
		at org.apache.tomcat.util.threads.InlineExecutorService.execute(InlineExecutorService.java:75)
		at java.util.concurrent.AbstractExecutorService.submit(AbstractExecutorService.java:134)
		at org.apache.catalina.core.ContainerBase.startInternal(ContainerBase.java:909)
		... 21 more
	Caused by: java.lang.IllegalArgumentException: The main resource set specified [/webapps/tmall/web] is not valid
		at org.apache.catalina.webresources.StandardRoot.createMainResourceSet(StandardRoot.java:752)
		at org.apache.catalina.webresources.StandardRoot.startInternal(StandardRoot.java:709)
		at org.apache.catalina.util.LifecycleBase.start(LifecycleBase.java:183)
		... 30 more
04-Dec-2021 15:01:31.123 INFO [main] org.apache.coyote.AbstractProtocol.pause Pausing ProtocolHandler ["http-nio-8088"]
04-Dec-2021 15:01:31.125 INFO [main] org.apache.coyote.AbstractProtocol.pause Pausing ProtocolHandler ["ajp-nio-8009"]
04-Dec-2021 15:01:31.127 INFO [main] org.apache.catalina.core.StandardService.stopInternal Stopping service [Catalina]
04-Dec-2021 15:01:31.132 INFO [main] org.apache.coyote.AbstractProtocol.destroy Destroying ProtocolHandler ["http-nio-8088"]
04-Dec-2021 15:01:31.136 INFO [main] org.apache.coyote.AbstractProtocol.destroy Destroying ProtocolHandler ["ajp-nio-8009"]
04-Dec-2021 15:04:18.657 WARNING [main] org.apache.tomcat.util.digester.SetPropertiesRule.begin Match [Server/Service/Engine/Host/Context] failed to set property [debug] to [0]
04-Dec-2021 15:04:18.732 INFO [main] org.apache.catalina.startup.VersionLoggerListener.log Server version name:   Apache Tomcat/9.0.29
04-Dec-2021 15:04:18.735 INFO [main] org.apache.catalina.startup.VersionLoggerListener.log Server built:          Nov 16 2019 17:29:07 UTC
04-Dec-2021 15:04:18.743 INFO [main] org.apache.catalina.startup.VersionLoggerListener.log Server version number: 9.0.29.0
04-Dec-2021 15:04:18.748 INFO [main] org.apache.catalina.startup.VersionLoggerListener.log OS Name:               Linux
04-Dec-2021 15:04:18.751 INFO [main] org.apache.catalina.startup.VersionLoggerListener.log OS Version:            4.19.121-linuxkit
04-Dec-2021 15:04:18.753 INFO [main] org.apache.catalina.startup.VersionLoggerListener.log Architecture:          amd64
04-Dec-2021 15:04:18.755 INFO [main] org.apache.catalina.startup.VersionLoggerListener.log Java Home:             /opt/jdk1.8.0_131/jre
04-Dec-2021 15:04:18.758 INFO [main] org.apache.catalina.startup.VersionLoggerListener.log JVM Version:           1.8.0_131-b11
04-Dec-2021 15:04:18.762 INFO [main] org.apache.catalina.startup.VersionLoggerListener.log JVM Vendor:            Oracle Corporation
04-Dec-2021 15:04:18.764 INFO [main] org.apache.catalina.startup.VersionLoggerListener.log CATALINA_BASE:         /opt/apache-tomcat-9.0.29
04-Dec-2021 15:04:18.766 INFO [main] org.apache.catalina.startup.VersionLoggerListener.log CATALINA_HOME:         /opt/apache-tomcat-9.0.29
04-Dec-2021 15:04:18.775 INFO [main] org.apache.catalina.startup.VersionLoggerListener.log Command line argument: -Djava.util.logging.config.file=/opt/apache-tomcat-9.0.29/conf/logging.properties
04-Dec-2021 15:04:18.780 INFO [main] org.apache.catalina.startup.VersionLoggerListener.log Command line argument: -Djava.util.logging.manager=org.apache.juli.ClassLoaderLogManager
04-Dec-2021 15:04:18.782 INFO [main] org.apache.catalina.startup.VersionLoggerListener.log Command line argument: -Djdk.tls.ephemeralDHKeySize=2048
04-Dec-2021 15:04:18.796 INFO [main] org.apache.catalina.startup.VersionLoggerListener.log Command line argument: -Djava.protocol.handler.pkgs=org.apache.catalina.webresources
04-Dec-2021 15:04:18.799 INFO [main] org.apache.catalina.startup.VersionLoggerListener.log Command line argument: -Dorg.apache.catalina.security.SecurityListener.UMASK=0027
04-Dec-2021 15:04:18.802 INFO [main] org.apache.catalina.startup.VersionLoggerListener.log Command line argument: -Dignore.endorsed.dirs=
04-Dec-2021 15:04:18.818 INFO [main] org.apache.catalina.startup.VersionLoggerListener.log Command line argument: -Dcatalina.base=/opt/apache-tomcat-9.0.29
04-Dec-2021 15:04:18.829 INFO [main] org.apache.catalina.startup.VersionLoggerListener.log Command line argument: -Dcatalina.home=/opt/apache-tomcat-9.0.29
04-Dec-2021 15:04:18.836 INFO [main] org.apache.catalina.startup.VersionLoggerListener.log Command line argument: -Djava.io.tmpdir=/opt/apache-tomcat-9.0.29/temp
04-Dec-2021 15:04:18.838 INFO [main] org.apache.catalina.core.AprLifecycleListener.lifecycleEvent The APR based Apache Tomcat Native library which allows optimal performance in production environments was not found on the java.library.path: [/usr/java/packages/lib/amd64:/usr/lib64:/lib64:/lib:/usr/lib]
04-Dec-2021 15:04:19.642 INFO [main] org.apache.coyote.AbstractProtocol.init Initializing ProtocolHandler ["http-nio-8088"]
04-Dec-2021 15:04:19.720 INFO [main] org.apache.coyote.AbstractProtocol.init Initializing ProtocolHandler ["ajp-nio-8009"]
04-Dec-2021 15:04:19.729 INFO [main] org.apache.catalina.startup.Catalina.load Server initialization in [1,869] milliseconds
04-Dec-2021 15:04:19.825 INFO [main] org.apache.catalina.core.StandardService.startInternal Starting service [Catalina]
04-Dec-2021 15:04:19.828 INFO [main] org.apache.catalina.core.StandardEngine.startInternal Starting Servlet engine: [Apache Tomcat/9.0.29]
04-Dec-2021 15:04:24.114 INFO [main] org.apache.jasper.servlet.TldScanner.scanJars At least one JAR was scanned for TLDs yet contained no TLDs. Enable debug logging for this logger for a complete list of JARs that were scanned but no TLDs were found in them. Skipping unneeded JARs during scanning can improve startup time and JSP compilation time.
04-Dec-2021 15:04:24.381 INFO [main] org.apache.catalina.startup.HostConfig.deployWAR Deploying web application archive [/opt/apache-tomcat-9.0.29/webapps/sample.war]
04-Dec-2021 15:04:24.604 INFO [main] org.apache.catalina.startup.HostConfig.deployWAR Deployment of web application archive [/opt/apache-tomcat-9.0.29/webapps/sample.war] has finished in [222] ms
04-Dec-2021 15:04:24.615 INFO [main] org.apache.catalina.startup.HostConfig.deployDirectory Deploying web application directory [/opt/apache-tomcat-9.0.29/webapps/ROOT]
04-Dec-2021 15:04:24.740 INFO [main] org.apache.catalina.startup.HostConfig.deployDirectory Deployment of web application directory [/opt/apache-tomcat-9.0.29/webapps/ROOT] has finished in [126] ms
04-Dec-2021 15:04:24.742 INFO [main] org.apache.catalina.startup.HostConfig.deployDirectory Deploying web application directory [/opt/apache-tomcat-9.0.29/webapps/docs]
04-Dec-2021 15:04:24.868 INFO [main] org.apache.catalina.startup.HostConfig.deployDirectory Deployment of web application directory [/opt/apache-tomcat-9.0.29/webapps/docs] has finished in [126] ms
04-Dec-2021 15:04:24.875 INFO [main] org.apache.catalina.startup.HostConfig.deployDirectory Deploying web application directory [/opt/apache-tomcat-9.0.29/webapps/examples]
04-Dec-2021 15:04:26.719 INFO [main] org.apache.catalina.startup.HostConfig.deployDirectory Deployment of web application directory [/opt/apache-tomcat-9.0.29/webapps/examples] has finished in [1,845] ms
04-Dec-2021 15:04:26.725 INFO [main] org.apache.catalina.startup.HostConfig.deployDirectory Deploying web application directory [/opt/apache-tomcat-9.0.29/webapps/host-manager]
04-Dec-2021 15:04:26.918 INFO [main] org.apache.catalina.startup.HostConfig.deployDirectory Deployment of web application directory [/opt/apache-tomcat-9.0.29/webapps/host-manager] has finished in [192] ms
04-Dec-2021 15:04:26.922 INFO [main] org.apache.catalina.startup.HostConfig.deployDirectory Deploying web application directory [/opt/apache-tomcat-9.0.29/webapps/manager]
04-Dec-2021 15:04:27.063 INFO [main] org.apache.catalina.startup.HostConfig.deployDirectory Deployment of web application directory [/opt/apache-tomcat-9.0.29/webapps/manager] has finished in [140] ms
04-Dec-2021 15:04:27.080 INFO [main] org.apache.coyote.AbstractProtocol.start Starting ProtocolHandler ["http-nio-8088"]
04-Dec-2021 15:04:27.109 INFO [main] org.apache.coyote.AbstractProtocol.start Starting ProtocolHandler ["ajp-nio-8009"]
04-Dec-2021 15:04:27.151 INFO [main] org.apache.catalina.startup.Catalina.start Server startup in [7,447] milliseconds
04-Dec-2021 15:35:40.566 WARNING [main] org.apache.tomcat.util.digester.SetPropertiesRule.begin Match [Server/Service/Engine/Host/Context] failed to set property [debug] to [0]
04-Dec-2021 15:35:40.627 INFO [main] org.apache.catalina.startup.VersionLoggerListener.log Server version name:   Apache Tomcat/9.0.29
04-Dec-2021 15:35:40.629 INFO [main] org.apache.catalina.startup.VersionLoggerListener.log Server built:          Nov 16 2019 17:29:07 UTC
04-Dec-2021 15:35:40.631 INFO [main] org.apache.catalina.startup.VersionLoggerListener.log Server version number: 9.0.29.0
04-Dec-2021 15:35:40.633 INFO [main] org.apache.catalina.startup.VersionLoggerListener.log OS Name:               Linux
04-Dec-2021 15:35:40.634 INFO [main] org.apache.catalina.startup.VersionLoggerListener.log OS Version:            4.19.121-linuxkit
04-Dec-2021 15:35:40.636 INFO [main] org.apache.catalina.startup.VersionLoggerListener.log Architecture:          amd64
04-Dec-2021 15:35:40.637 INFO [main] org.apache.catalina.startup.VersionLoggerListener.log Java Home:             /opt/jdk1.8.0_131/jre
04-Dec-2021 15:35:40.639 INFO [main] org.apache.catalina.startup.VersionLoggerListener.log JVM Version:           1.8.0_131-b11
04-Dec-2021 15:35:40.641 INFO [main] org.apache.catalina.startup.VersionLoggerListener.log JVM Vendor:            Oracle Corporation
04-Dec-2021 15:35:40.642 INFO [main] org.apache.catalina.startup.VersionLoggerListener.log CATALINA_BASE:         /opt/apache-tomcat-9.0.29
04-Dec-2021 15:35:40.643 INFO [main] org.apache.catalina.startup.VersionLoggerListener.log CATALINA_HOME:         /opt/apache-tomcat-9.0.29
04-Dec-2021 15:35:40.647 INFO [main] org.apache.catalina.startup.VersionLoggerListener.log Command line argument: -Djava.util.logging.config.file=/opt/apache-tomcat-9.0.29/conf/logging.properties
04-Dec-2021 15:35:40.649 INFO [main] org.apache.catalina.startup.VersionLoggerListener.log Command line argument: -Djava.util.logging.manager=org.apache.juli.ClassLoaderLogManager
04-Dec-2021 15:35:40.651 INFO [main] org.apache.catalina.startup.VersionLoggerListener.log Command line argument: -Djdk.tls.ephemeralDHKeySize=2048
04-Dec-2021 15:35:40.653 INFO [main] org.apache.catalina.startup.VersionLoggerListener.log Command line argument: -Djava.protocol.handler.pkgs=org.apache.catalina.webresources
04-Dec-2021 15:35:40.655 INFO [main] org.apache.catalina.startup.VersionLoggerListener.log Command line argument: -Dorg.apache.catalina.security.SecurityListener.UMASK=0027
04-Dec-2021 15:35:40.656 INFO [main] org.apache.catalina.startup.VersionLoggerListener.log Command line argument: -Dignore.endorsed.dirs=
04-Dec-2021 15:35:40.658 INFO [main] org.apache.catalina.startup.VersionLoggerListener.log Command line argument: -Dcatalina.base=/opt/apache-tomcat-9.0.29
04-Dec-2021 15:35:40.659 INFO [main] org.apache.catalina.startup.VersionLoggerListener.log Command line argument: -Dcatalina.home=/opt/apache-tomcat-9.0.29
04-Dec-2021 15:35:40.661 INFO [main] org.apache.catalina.startup.VersionLoggerListener.log Command line argument: -Djava.io.tmpdir=/opt/apache-tomcat-9.0.29/temp
04-Dec-2021 15:35:40.662 INFO [main] org.apache.catalina.core.AprLifecycleListener.lifecycleEvent The APR based Apache Tomcat Native library which allows optimal performance in production environments was not found on the java.library.path: [/usr/java/packages/lib/amd64:/usr/lib64:/lib64:/lib:/usr/lib]
04-Dec-2021 15:35:41.292 INFO [main] org.apache.coyote.AbstractProtocol.init Initializing ProtocolHandler ["http-nio-8088"]
04-Dec-2021 15:35:41.370 INFO [main] org.apache.coyote.AbstractProtocol.init Initializing ProtocolHandler ["ajp-nio-8009"]
04-Dec-2021 15:35:41.386 INFO [main] org.apache.catalina.startup.Catalina.load Server initialization in [1,319] milliseconds
04-Dec-2021 15:35:41.461 INFO [main] org.apache.catalina.core.StandardService.startInternal Starting service [Catalina]
04-Dec-2021 15:35:41.463 INFO [main] org.apache.catalina.core.StandardEngine.startInternal Starting Servlet engine: [Apache Tomcat/9.0.29]
04-Dec-2021 15:35:45.419 INFO [main] org.apache.jasper.servlet.TldScanner.scanJars At least one JAR was scanned for TLDs yet contained no TLDs. Enable debug logging for this logger for a complete list of JARs that were scanned but no TLDs were found in them. Skipping unneeded JARs during scanning can improve startup time and JSP compilation time.
04-Dec-2021 15:35:45.749 INFO [main] org.apache.catalina.startup.HostConfig.deployWAR Deploying web application archive [/opt/apache-tomcat-9.0.29/webapps/sample.war]
04-Dec-2021 15:35:45.914 INFO [main] org.apache.catalina.startup.HostConfig.deployWAR Deployment of web application archive [/opt/apache-tomcat-9.0.29/webapps/sample.war] has finished in [165] ms
04-Dec-2021 15:35:45.918 INFO [main] org.apache.catalina.startup.HostConfig.deployDirectory Deploying web application directory [/opt/apache-tomcat-9.0.29/webapps/ROOT]
04-Dec-2021 15:35:46.020 INFO [main] org.apache.catalina.startup.HostConfig.deployDirectory Deployment of web application directory [/opt/apache-tomcat-9.0.29/webapps/ROOT] has finished in [102] ms
04-Dec-2021 15:35:46.023 INFO [main] org.apache.catalina.startup.HostConfig.deployDirectory Deploying web application directory [/opt/apache-tomcat-9.0.29/webapps/docs]
04-Dec-2021 15:35:46.141 INFO [main] org.apache.catalina.startup.HostConfig.deployDirectory Deployment of web application directory [/opt/apache-tomcat-9.0.29/webapps/docs] has finished in [117] ms
04-Dec-2021 15:35:46.145 INFO [main] org.apache.catalina.startup.HostConfig.deployDirectory Deploying web application directory [/opt/apache-tomcat-9.0.29/webapps/examples]
04-Dec-2021 15:35:48.365 INFO [main] org.apache.catalina.startup.HostConfig.deployDirectory Deployment of web application directory [/opt/apache-tomcat-9.0.29/webapps/examples] has finished in [2,220] ms
04-Dec-2021 15:35:48.369 INFO [main] org.apache.catalina.startup.HostConfig.deployDirectory Deploying web application directory [/opt/apache-tomcat-9.0.29/webapps/host-manager]
04-Dec-2021 15:35:48.557 INFO [main] org.apache.catalina.startup.HostConfig.deployDirectory Deployment of web application directory [/opt/apache-tomcat-9.0.29/webapps/host-manager] has finished in [187] ms
04-Dec-2021 15:35:48.561 INFO [main] org.apache.catalina.startup.HostConfig.deployDirectory Deploying web application directory [/opt/apache-tomcat-9.0.29/webapps/manager]
04-Dec-2021 15:35:48.813 INFO [main] org.apache.catalina.startup.HostConfig.deployDirectory Deployment of web application directory [/opt/apache-tomcat-9.0.29/webapps/manager] has finished in [252] ms
04-Dec-2021 15:35:48.840 INFO [main] org.apache.coyote.AbstractProtocol.start Starting ProtocolHandler ["http-nio-8088"]
04-Dec-2021 15:35:48.879 INFO [main] org.apache.coyote.AbstractProtocol.start Starting ProtocolHandler ["ajp-nio-8009"]
04-Dec-2021 15:35:48.893 INFO [main] org.apache.catalina.startup.Catalina.start Server startup in [7,502] milliseconds
04-Dec-2021 15:42:51.089 WARNING [main] org.apache.tomcat.util.digester.SetPropertiesRule.begin Match [Server/Service/Engine/Host/Context] failed to set property [debug] to [0]
04-Dec-2021 15:42:51.210 INFO [main] org.apache.catalina.startup.VersionLoggerListener.log Server version name:   Apache Tomcat/9.0.29
04-Dec-2021 15:42:51.219 INFO [main] org.apache.catalina.startup.VersionLoggerListener.log Server built:          Nov 16 2019 17:29:07 UTC
04-Dec-2021 15:42:51.221 INFO [main] org.apache.catalina.startup.VersionLoggerListener.log Server version number: 9.0.29.0
04-Dec-2021 15:42:51.225 INFO [main] org.apache.catalina.startup.VersionLoggerListener.log OS Name:               Linux
04-Dec-2021 15:42:51.227 INFO [main] org.apache.catalina.startup.VersionLoggerListener.log OS Version:            4.19.121-linuxkit
04-Dec-2021 15:42:51.239 INFO [main] org.apache.catalina.startup.VersionLoggerListener.log Architecture:          amd64
04-Dec-2021 15:42:51.242 INFO [main] org.apache.catalina.startup.VersionLoggerListener.log Java Home:             /opt/jdk1.8.0_131/jre
04-Dec-2021 15:42:51.245 INFO [main] org.apache.catalina.startup.VersionLoggerListener.log JVM Version:           1.8.0_131-b11
04-Dec-2021 15:42:51.253 INFO [main] org.apache.catalina.startup.VersionLoggerListener.log JVM Vendor:            Oracle Corporation
04-Dec-2021 15:42:51.257 INFO [main] org.apache.catalina.startup.VersionLoggerListener.log CATALINA_BASE:         /opt/apache-tomcat-9.0.29
04-Dec-2021 15:42:51.259 INFO [main] org.apache.catalina.startup.VersionLoggerListener.log CATALINA_HOME:         /opt/apache-tomcat-9.0.29
04-Dec-2021 15:42:51.274 INFO [main] org.apache.catalina.startup.VersionLoggerListener.log Command line argument: -Djava.util.logging.config.file=/opt/apache-tomcat-9.0.29/conf/logging.properties
04-Dec-2021 15:42:51.279 INFO [main] org.apache.catalina.startup.VersionLoggerListener.log Command line argument: -Djava.util.logging.manager=org.apache.juli.ClassLoaderLogManager
04-Dec-2021 15:42:51.283 INFO [main] org.apache.catalina.startup.VersionLoggerListener.log Command line argument: -Djdk.tls.ephemeralDHKeySize=2048
04-Dec-2021 15:42:51.287 INFO [main] org.apache.catalina.startup.VersionLoggerListener.log Command line argument: -Djava.protocol.handler.pkgs=org.apache.catalina.webresources
04-Dec-2021 15:42:51.291 INFO [main] org.apache.catalina.startup.VersionLoggerListener.log Command line argument: -Dorg.apache.catalina.security.SecurityListener.UMASK=0027
04-Dec-2021 15:42:51.299 INFO [main] org.apache.catalina.startup.VersionLoggerListener.log Command line argument: -Dignore.endorsed.dirs=
04-Dec-2021 15:42:51.305 INFO [main] org.apache.catalina.startup.VersionLoggerListener.log Command line argument: -Dcatalina.base=/opt/apache-tomcat-9.0.29
04-Dec-2021 15:42:51.308 INFO [main] org.apache.catalina.startup.VersionLoggerListener.log Command line argument: -Dcatalina.home=/opt/apache-tomcat-9.0.29
04-Dec-2021 15:42:51.311 INFO [main] org.apache.catalina.startup.VersionLoggerListener.log Command line argument: -Djava.io.tmpdir=/opt/apache-tomcat-9.0.29/temp
04-Dec-2021 15:42:51.317 INFO [main] org.apache.catalina.core.AprLifecycleListener.lifecycleEvent The APR based Apache Tomcat Native library which allows optimal performance in production environments was not found on the java.library.path: [/usr/java/packages/lib/amd64:/usr/lib64:/lib64:/lib:/usr/lib]
04-Dec-2021 15:42:52.176 INFO [main] org.apache.coyote.AbstractProtocol.init Initializing ProtocolHandler ["http-nio-8088"]
04-Dec-2021 15:42:52.234 INFO [main] org.apache.coyote.AbstractProtocol.init Initializing ProtocolHandler ["ajp-nio-8009"]
04-Dec-2021 15:42:52.241 INFO [main] org.apache.catalina.startup.Catalina.load Server initialization in [1,997] milliseconds
04-Dec-2021 15:42:52.310 INFO [main] org.apache.catalina.core.StandardService.startInternal Starting service [Catalina]
04-Dec-2021 15:42:52.313 INFO [main] org.apache.catalina.core.StandardEngine.startInternal Starting Servlet engine: [Apache Tomcat/9.0.29]
04-Dec-2021 15:42:57.108 INFO [main] org.apache.jasper.servlet.TldScanner.scanJars At least one JAR was scanned for TLDs yet contained no TLDs. Enable debug logging for this logger for a complete list of JARs that were scanned but no TLDs were found in them. Skipping unneeded JARs during scanning can improve startup time and JSP compilation time.
04-Dec-2021 15:42:57.482 INFO [main] org.apache.catalina.startup.HostConfig.deployWAR Deploying web application archive [/opt/apache-tomcat-9.0.29/webapps/sample.war]
04-Dec-2021 15:42:57.721 INFO [main] org.apache.catalina.startup.HostConfig.deployWAR Deployment of web application archive [/opt/apache-tomcat-9.0.29/webapps/sample.war] has finished in [239] ms
04-Dec-2021 15:42:57.730 INFO [main] org.apache.catalina.startup.HostConfig.deployDirectory Deploying web application directory [/opt/apache-tomcat-9.0.29/webapps/ROOT]
04-Dec-2021 15:42:57.853 INFO [main] org.apache.catalina.startup.HostConfig.deployDirectory Deployment of web application directory [/opt/apache-tomcat-9.0.29/webapps/ROOT] has finished in [123] ms
04-Dec-2021 15:42:57.856 INFO [main] org.apache.catalina.startup.HostConfig.deployDirectory Deploying web application directory [/opt/apache-tomcat-9.0.29/webapps/docs]
04-Dec-2021 15:42:57.966 INFO [main] org.apache.catalina.startup.HostConfig.deployDirectory Deployment of web application directory [/opt/apache-tomcat-9.0.29/webapps/docs] has finished in [109] ms
04-Dec-2021 15:42:57.970 INFO [main] org.apache.catalina.startup.HostConfig.deployDirectory Deploying web application directory [/opt/apache-tomcat-9.0.29/webapps/examples]
04-Dec-2021 15:42:59.933 INFO [main] org.apache.catalina.startup.HostConfig.deployDirectory Deployment of web application directory [/opt/apache-tomcat-9.0.29/webapps/examples] has finished in [1,963] ms
04-Dec-2021 15:42:59.941 INFO [main] org.apache.catalina.startup.HostConfig.deployDirectory Deploying web application directory [/opt/apache-tomcat-9.0.29/webapps/host-manager]
04-Dec-2021 15:43:00.105 INFO [main] org.apache.catalina.startup.HostConfig.deployDirectory Deployment of web application directory [/opt/apache-tomcat-9.0.29/webapps/host-manager] has finished in [163] ms
04-Dec-2021 15:43:00.110 INFO [main] org.apache.catalina.startup.HostConfig.deployDirectory Deploying web application directory [/opt/apache-tomcat-9.0.29/webapps/manager]
04-Dec-2021 15:43:00.247 INFO [main] org.apache.catalina.startup.HostConfig.deployDirectory Deployment of web application directory [/opt/apache-tomcat-9.0.29/webapps/manager] has finished in [134] ms
04-Dec-2021 15:43:00.264 INFO [main] org.apache.coyote.AbstractProtocol.start Starting ProtocolHandler ["http-nio-8088"]
04-Dec-2021 15:43:00.290 INFO [main] org.apache.coyote.AbstractProtocol.start Starting ProtocolHandler ["ajp-nio-8009"]
04-Dec-2021 15:43:00.305 INFO [main] org.apache.catalina.startup.Catalina.start Server startup in [8,062] milliseconds
04-Dec-2021 15:47:26.113 WARNING [main] org.apache.tomcat.util.digester.SetPropertiesRule.begin Match [Server/Service/Engine/Host/Context] failed to set property [debug] to [0]
04-Dec-2021 15:47:26.176 INFO [main] org.apache.catalina.startup.VersionLoggerListener.log Server version name:   Apache Tomcat/9.0.29
04-Dec-2021 15:47:26.179 INFO [main] org.apache.catalina.startup.VersionLoggerListener.log Server built:          Nov 16 2019 17:29:07 UTC
04-Dec-2021 15:47:26.181 INFO [main] org.apache.catalina.startup.VersionLoggerListener.log Server version number: 9.0.29.0
04-Dec-2021 15:47:26.184 INFO [main] org.apache.catalina.startup.VersionLoggerListener.log OS Name:               Linux
04-Dec-2021 15:47:26.186 INFO [main] org.apache.catalina.startup.VersionLoggerListener.log OS Version:            4.19.121-linuxkit
04-Dec-2021 15:47:26.188 INFO [main] org.apache.catalina.startup.VersionLoggerListener.log Architecture:          amd64
04-Dec-2021 15:47:26.189 INFO [main] org.apache.catalina.startup.VersionLoggerListener.log Java Home:             /opt/jdk1.8.0_131/jre
04-Dec-2021 15:47:26.191 INFO [main] org.apache.catalina.startup.VersionLoggerListener.log JVM Version:           1.8.0_131-b11
04-Dec-2021 15:47:26.194 INFO [main] org.apache.catalina.startup.VersionLoggerListener.log JVM Vendor:            Oracle Corporation
04-Dec-2021 15:47:26.195 INFO [main] org.apache.catalina.startup.VersionLoggerListener.log CATALINA_BASE:         /opt/apache-tomcat-9.0.29
04-Dec-2021 15:47:26.197 INFO [main] org.apache.catalina.startup.VersionLoggerListener.log CATALINA_HOME:         /opt/apache-tomcat-9.0.29
04-Dec-2021 15:47:26.201 INFO [main] org.apache.catalina.startup.VersionLoggerListener.log Command line argument: -Djava.util.logging.config.file=/opt/apache-tomcat-9.0.29/conf/logging.properties
04-Dec-2021 15:47:26.203 INFO [main] org.apache.catalina.startup.VersionLoggerListener.log Command line argument: -Djava.util.logging.manager=org.apache.juli.ClassLoaderLogManager
04-Dec-2021 15:47:26.204 INFO [main] org.apache.catalina.startup.VersionLoggerListener.log Command line argument: -Djdk.tls.ephemeralDHKeySize=2048
04-Dec-2021 15:47:26.205 INFO [main] org.apache.catalina.startup.VersionLoggerListener.log Command line argument: -Djava.protocol.handler.pkgs=org.apache.catalina.webresources
04-Dec-2021 15:47:26.207 INFO [main] org.apache.catalina.startup.VersionLoggerListener.log Command line argument: -Dorg.apache.catalina.security.SecurityListener.UMASK=0027
04-Dec-2021 15:47:26.208 INFO [main] org.apache.catalina.startup.VersionLoggerListener.log Command line argument: -Dignore.endorsed.dirs=
04-Dec-2021 15:47:26.210 INFO [main] org.apache.catalina.startup.VersionLoggerListener.log Command line argument: -Dcatalina.base=/opt/apache-tomcat-9.0.29
04-Dec-2021 15:47:26.211 INFO [main] org.apache.catalina.startup.VersionLoggerListener.log Command line argument: -Dcatalina.home=/opt/apache-tomcat-9.0.29
04-Dec-2021 15:47:26.213 INFO [main] org.apache.catalina.startup.VersionLoggerListener.log Command line argument: -Djava.io.tmpdir=/opt/apache-tomcat-9.0.29/temp
04-Dec-2021 15:47:26.215 INFO [main] org.apache.catalina.core.AprLifecycleListener.lifecycleEvent The APR based Apache Tomcat Native library which allows optimal performance in production environments was not found on the java.library.path: [/usr/java/packages/lib/amd64:/usr/lib64:/lib64:/lib:/usr/lib]
04-Dec-2021 15:47:26.805 INFO [main] org.apache.coyote.AbstractProtocol.init Initializing ProtocolHandler ["http-nio-8088"]
04-Dec-2021 15:47:26.872 INFO [main] org.apache.coyote.AbstractProtocol.init Initializing ProtocolHandler ["ajp-nio-8009"]
04-Dec-2021 15:47:26.881 INFO [main] org.apache.catalina.startup.Catalina.load Server initialization in [1,210] milliseconds
04-Dec-2021 15:47:26.950 INFO [main] org.apache.catalina.core.StandardService.startInternal Starting service [Catalina]
04-Dec-2021 15:47:26.952 INFO [main] org.apache.catalina.core.StandardEngine.startInternal Starting Servlet engine: [Apache Tomcat/9.0.29]
04-Dec-2021 15:47:31.686 INFO [main] org.apache.jasper.servlet.TldScanner.scanJars At least one JAR was scanned for TLDs yet contained no TLDs. Enable debug logging for this logger for a complete list of JARs that were scanned but no TLDs were found in them. Skipping unneeded JARs during scanning can improve startup time and JSP compilation time.
04-Dec-2021 15:47:32.020 INFO [main] org.apache.catalina.startup.HostConfig.deployWAR Deploying web application archive [/opt/apache-tomcat-9.0.29/webapps/sample.war]
04-Dec-2021 15:47:32.209 INFO [main] org.apache.catalina.startup.HostConfig.deployWAR Deployment of web application archive [/opt/apache-tomcat-9.0.29/webapps/sample.war] has finished in [189] ms
04-Dec-2021 15:47:32.216 INFO [main] org.apache.catalina.startup.HostConfig.deployDirectory Deploying web application directory [/opt/apache-tomcat-9.0.29/webapps/ROOT]
04-Dec-2021 15:47:32.360 INFO [main] org.apache.catalina.startup.HostConfig.deployDirectory Deployment of web application directory [/opt/apache-tomcat-9.0.29/webapps/ROOT] has finished in [143] ms
04-Dec-2021 15:47:32.365 INFO [main] org.apache.catalina.startup.HostConfig.deployDirectory Deploying web application directory [/opt/apache-tomcat-9.0.29/webapps/docs]
04-Dec-2021 15:47:32.483 INFO [main] org.apache.catalina.startup.HostConfig.deployDirectory Deployment of web application directory [/opt/apache-tomcat-9.0.29/webapps/docs] has finished in [118] ms
04-Dec-2021 15:47:32.486 INFO [main] org.apache.catalina.startup.HostConfig.deployDirectory Deploying web application directory [/opt/apache-tomcat-9.0.29/webapps/examples]
04-Dec-2021 15:47:34.324 INFO [main] org.apache.catalina.startup.HostConfig.deployDirectory Deployment of web application directory [/opt/apache-tomcat-9.0.29/webapps/examples] has finished in [1,838] ms
04-Dec-2021 15:47:34.339 INFO [main] org.apache.catalina.startup.HostConfig.deployDirectory Deploying web application directory [/opt/apache-tomcat-9.0.29/webapps/host-manager]
04-Dec-2021 15:47:34.534 INFO [main] org.apache.catalina.startup.HostConfig.deployDirectory Deployment of web application directory [/opt/apache-tomcat-9.0.29/webapps/host-manager] has finished in [195] ms
04-Dec-2021 15:47:34.538 INFO [main] org.apache.catalina.startup.HostConfig.deployDirectory Deploying web application directory [/opt/apache-tomcat-9.0.29/webapps/manager]
04-Dec-2021 15:47:34.681 INFO [main] org.apache.catalina.startup.HostConfig.deployDirectory Deployment of web application directory [/opt/apache-tomcat-9.0.29/webapps/manager] has finished in [144] ms
04-Dec-2021 15:47:34.696 INFO [main] org.apache.coyote.AbstractProtocol.start Starting ProtocolHandler ["http-nio-8088"]
04-Dec-2021 15:47:34.716 INFO [main] org.apache.coyote.AbstractProtocol.start Starting ProtocolHandler ["ajp-nio-8009"]
04-Dec-2021 15:47:34.749 INFO [main] org.apache.catalina.startup.Catalina.start Server startup in [7,866] milliseconds
