08-Dec-2021 14:28:17.688 INFO [Catalina-utility-2] org.apache.catalina.startup.HostConfig.undeploy Undeploying context [/debugger]
08-Dec-2021 14:28:51.620 WARNING [main] org.apache.tomcat.util.digester.SetPropertiesRule.begin Match [Server/Service/Engine/Host/Context] failed to set property [debug] to [0]
08-Dec-2021 14:28:51.677 INFO [main] org.apache.catalina.startup.VersionLoggerListener.log Server version name:   Apache Tomcat/9.0.29
08-Dec-2021 14:28:51.679 INFO [main] org.apache.catalina.startup.VersionLoggerListener.log Server built:          Nov 16 2019 17:29:07 UTC
08-Dec-2021 14:28:51.681 INFO [main] org.apache.catalina.startup.VersionLoggerListener.log Server version number: 9.0.29.0
08-Dec-2021 14:28:51.684 INFO [main] org.apache.catalina.startup.VersionLoggerListener.log OS Name:               Linux
08-Dec-2021 14:28:51.685 INFO [main] org.apache.catalina.startup.VersionLoggerListener.log OS Version:            4.19.121-linuxkit
08-Dec-2021 14:28:51.687 INFO [main] org.apache.catalina.startup.VersionLoggerListener.log Architecture:          amd64
08-Dec-2021 14:28:51.690 INFO [main] org.apache.catalina.startup.VersionLoggerListener.log Java Home:             /opt/jdk1.8.0_131/jre
08-Dec-2021 14:28:51.691 INFO [main] org.apache.catalina.startup.VersionLoggerListener.log JVM Version:           1.8.0_131-b11
08-Dec-2021 14:28:51.694 INFO [main] org.apache.catalina.startup.VersionLoggerListener.log JVM Vendor:            Oracle Corporation
08-Dec-2021 14:28:51.697 INFO [main] org.apache.catalina.startup.VersionLoggerListener.log CATALINA_BASE:         /opt/apache-tomcat-9.0.29
08-Dec-2021 14:28:51.699 INFO [main] org.apache.catalina.startup.VersionLoggerListener.log CATALINA_HOME:         /opt/apache-tomcat-9.0.29
08-Dec-2021 14:28:51.704 INFO [main] org.apache.catalina.startup.VersionLoggerListener.log Command line argument: -Djava.util.logging.config.file=/opt/apache-tomcat-9.0.29/conf/logging.properties
08-Dec-2021 14:28:51.705 INFO [main] org.apache.catalina.startup.VersionLoggerListener.log Command line argument: -Djava.util.logging.manager=org.apache.juli.ClassLoaderLogManager
08-Dec-2021 14:28:51.708 INFO [main] org.apache.catalina.startup.VersionLoggerListener.log Command line argument: -Djdk.tls.ephemeralDHKeySize=2048
08-Dec-2021 14:28:51.711 INFO [main] org.apache.catalina.startup.VersionLoggerListener.log Command line argument: -Djava.protocol.handler.pkgs=org.apache.catalina.webresources
08-Dec-2021 14:28:51.712 INFO [main] org.apache.catalina.startup.VersionLoggerListener.log Command line argument: -Dorg.apache.catalina.security.SecurityListener.UMASK=0027
08-Dec-2021 14:28:51.714 INFO [main] org.apache.catalina.startup.VersionLoggerListener.log Command line argument: -Dignore.endorsed.dirs=
08-Dec-2021 14:28:51.717 INFO [main] org.apache.catalina.startup.VersionLoggerListener.log Command line argument: -Dcatalina.base=/opt/apache-tomcat-9.0.29
08-Dec-2021 14:28:51.718 INFO [main] org.apache.catalina.startup.VersionLoggerListener.log Command line argument: -Dcatalina.home=/opt/apache-tomcat-9.0.29
08-Dec-2021 14:28:51.720 INFO [main] org.apache.catalina.startup.VersionLoggerListener.log Command line argument: -Djava.io.tmpdir=/opt/apache-tomcat-9.0.29/temp
08-Dec-2021 14:28:51.723 INFO [main] org.apache.catalina.core.AprLifecycleListener.lifecycleEvent The APR based Apache Tomcat Native library which allows optimal performance in production environments was not found on the java.library.path: [/usr/java/packages/lib/amd64:/usr/lib64:/lib64:/lib:/usr/lib]
08-Dec-2021 14:28:52.460 INFO [main] org.apache.coyote.AbstractProtocol.init Initializing ProtocolHandler ["http-nio-8088"]
08-Dec-2021 14:28:52.532 INFO [main] org.apache.coyote.AbstractProtocol.init Initializing ProtocolHandler ["ajp-nio-8009"]
08-Dec-2021 14:28:52.544 INFO [main] org.apache.catalina.startup.Catalina.load Server initialization in [1,415] milliseconds
08-Dec-2021 14:28:52.620 INFO [main] org.apache.catalina.core.StandardService.startInternal Starting service [Catalina]
08-Dec-2021 14:28:52.622 INFO [main] org.apache.catalina.core.StandardEngine.startInternal Starting Servlet engine: [Apache Tomcat/9.0.29]
08-Dec-2021 14:28:56.722 INFO [main] org.apache.jasper.servlet.TldScanner.scanJars At least one JAR was scanned for TLDs yet contained no TLDs. Enable debug logging for this logger for a complete list of JARs that were scanned but no TLDs were found in them. Skipping unneeded JARs during scanning can improve startup time and JSP compilation time.
08-Dec-2021 14:28:56.917 SEVERE [main] org.apache.catalina.core.StandardContext.startInternal One or more Filters failed to start. Full details will be found in the appropriate container log file
08-Dec-2021 14:28:56.919 SEVERE [main] org.apache.catalina.core.StandardContext.startInternal Context [/tmall] startup failed due to previous errors
08-Dec-2021 14:28:56.949 INFO [main] org.apache.catalina.startup.HostConfig.deployDirectory Deploying web application directory [/opt/apache-tomcat-9.0.29/webapps/manager]
08-Dec-2021 14:28:57.033 INFO [main] org.apache.catalina.startup.HostConfig.deployDirectory Deployment of web application directory [/opt/apache-tomcat-9.0.29/webapps/manager] has finished in [84] ms
08-Dec-2021 14:28:57.035 INFO [main] org.apache.catalina.startup.HostConfig.deployDirectory Deploying web application directory [/opt/apache-tomcat-9.0.29/webapps/docs]
08-Dec-2021 14:28:57.076 INFO [main] org.apache.catalina.startup.HostConfig.deployDirectory Deployment of web application directory [/opt/apache-tomcat-9.0.29/webapps/docs] has finished in [41] ms
08-Dec-2021 14:28:57.077 INFO [main] org.apache.catalina.startup.HostConfig.deployDirectory Deploying web application directory [/opt/apache-tomcat-9.0.29/webapps/examples]
08-Dec-2021 14:28:57.352 INFO [main] org.apache.catalina.startup.HostConfig.deployDirectory Deployment of web application directory [/opt/apache-tomcat-9.0.29/webapps/examples] has finished in [275] ms
08-Dec-2021 14:28:57.355 INFO [main] org.apache.catalina.startup.HostConfig.deployDirectory Deploying web application directory [/opt/apache-tomcat-9.0.29/webapps/host-manager]
08-Dec-2021 14:28:57.393 INFO [main] org.apache.catalina.startup.HostConfig.deployDirectory Deployment of web application directory [/opt/apache-tomcat-9.0.29/webapps/host-manager] has finished in [38] ms
08-Dec-2021 14:28:57.395 INFO [main] org.apache.catalina.startup.HostConfig.deployDirectory Deploying web application directory [/opt/apache-tomcat-9.0.29/webapps/ROOT]
08-Dec-2021 14:28:57.422 INFO [main] org.apache.catalina.startup.HostConfig.deployDirectory Deployment of web application directory [/opt/apache-tomcat-9.0.29/webapps/ROOT] has finished in [27] ms
08-Dec-2021 14:28:57.437 INFO [main] org.apache.coyote.AbstractProtocol.start Starting ProtocolHandler ["http-nio-8088"]
08-Dec-2021 14:28:57.463 INFO [main] org.apache.coyote.AbstractProtocol.start Starting ProtocolHandler ["ajp-nio-8009"]
08-Dec-2021 14:28:57.479 INFO [main] org.apache.catalina.startup.Catalina.start Server startup in [4,932] milliseconds
08-Dec-2021 14:30:13.289 WARNING [main] org.apache.tomcat.util.digester.SetPropertiesRule.begin Match [Server/Service/Engine/Host/Context] failed to set property [debug] to [0]
08-Dec-2021 14:30:13.347 INFO [main] org.apache.catalina.startup.VersionLoggerListener.log Server version name:   Apache Tomcat/9.0.29
08-Dec-2021 14:30:13.348 INFO [main] org.apache.catalina.startup.VersionLoggerListener.log Server built:          Nov 16 2019 17:29:07 UTC
08-Dec-2021 14:30:13.350 INFO [main] org.apache.catalina.startup.VersionLoggerListener.log Server version number: 9.0.29.0
08-Dec-2021 14:30:13.353 INFO [main] org.apache.catalina.startup.VersionLoggerListener.log OS Name:               Linux
08-Dec-2021 14:30:13.355 INFO [main] org.apache.catalina.startup.VersionLoggerListener.log OS Version:            4.19.121-linuxkit
08-Dec-2021 14:30:13.357 INFO [main] org.apache.catalina.startup.VersionLoggerListener.log Architecture:          amd64
08-Dec-2021 14:30:13.358 INFO [main] org.apache.catalina.startup.VersionLoggerListener.log Java Home:             /opt/jdk1.8.0_131/jre
08-Dec-2021 14:30:13.360 INFO [main] org.apache.catalina.startup.VersionLoggerListener.log JVM Version:           1.8.0_131-b11
08-Dec-2021 14:30:13.363 INFO [main] org.apache.catalina.startup.VersionLoggerListener.log JVM Vendor:            Oracle Corporation
08-Dec-2021 14:30:13.364 INFO [main] org.apache.catalina.startup.VersionLoggerListener.log CATALINA_BASE:         /opt/apache-tomcat-9.0.29
08-Dec-2021 14:30:13.366 INFO [main] org.apache.catalina.startup.VersionLoggerListener.log CATALINA_HOME:         /opt/apache-tomcat-9.0.29
08-Dec-2021 14:30:13.370 INFO [main] org.apache.catalina.startup.VersionLoggerListener.log Command line argument: -Djava.util.logging.config.file=/opt/apache-tomcat-9.0.29/conf/logging.properties
08-Dec-2021 14:30:13.378 INFO [main] org.apache.catalina.startup.VersionLoggerListener.log Command line argument: -Djava.util.logging.manager=org.apache.juli.ClassLoaderLogManager
08-Dec-2021 14:30:13.395 INFO [main] org.apache.catalina.startup.VersionLoggerListener.log Command line argument: -Djdk.tls.ephemeralDHKeySize=2048
08-Dec-2021 14:30:13.396 INFO [main] org.apache.catalina.startup.VersionLoggerListener.log Command line argument: -Djava.protocol.handler.pkgs=org.apache.catalina.webresources
08-Dec-2021 14:30:13.405 INFO [main] org.apache.catalina.startup.VersionLoggerListener.log Command line argument: -Dorg.apache.catalina.security.SecurityListener.UMASK=0027
08-Dec-2021 14:30:13.412 INFO [main] org.apache.catalina.startup.VersionLoggerListener.log Command line argument: -Dignore.endorsed.dirs=
08-Dec-2021 14:30:13.414 INFO [main] org.apache.catalina.startup.VersionLoggerListener.log Command line argument: -Dcatalina.base=/opt/apache-tomcat-9.0.29
08-Dec-2021 14:30:13.432 INFO [main] org.apache.catalina.startup.VersionLoggerListener.log Command line argument: -Dcatalina.home=/opt/apache-tomcat-9.0.29
08-Dec-2021 14:30:13.435 INFO [main] org.apache.catalina.startup.VersionLoggerListener.log Command line argument: -Djava.io.tmpdir=/opt/apache-tomcat-9.0.29/temp
08-Dec-2021 14:30:13.440 INFO [main] org.apache.catalina.core.AprLifecycleListener.lifecycleEvent The APR based Apache Tomcat Native library which allows optimal performance in production environments was not found on the java.library.path: [/usr/java/packages/lib/amd64:/usr/lib64:/lib64:/lib:/usr/lib]
08-Dec-2021 14:30:14.324 INFO [main] org.apache.coyote.AbstractProtocol.init Initializing ProtocolHandler ["http-nio-8088"]
08-Dec-2021 14:30:14.399 INFO [main] org.apache.coyote.AbstractProtocol.init Initializing ProtocolHandler ["ajp-nio-8009"]
08-Dec-2021 14:30:14.412 INFO [main] org.apache.catalina.startup.Catalina.load Server initialization in [2,305] milliseconds
08-Dec-2021 14:30:14.481 INFO [main] org.apache.catalina.core.StandardService.startInternal Starting service [Catalina]
08-Dec-2021 14:30:14.482 INFO [main] org.apache.catalina.core.StandardEngine.startInternal Starting Servlet engine: [Apache Tomcat/9.0.29]
08-Dec-2021 14:30:18.316 INFO [main] org.apache.jasper.servlet.TldScanner.scanJars At least one JAR was scanned for TLDs yet contained no TLDs. Enable debug logging for this logger for a complete list of JARs that were scanned but no TLDs were found in them. Skipping unneeded JARs during scanning can improve startup time and JSP compilation time.
08-Dec-2021 14:30:18.562 SEVERE [main] org.apache.catalina.core.StandardContext.startInternal One or more Filters failed to start. Full details will be found in the appropriate container log file
08-Dec-2021 14:30:18.565 SEVERE [main] org.apache.catalina.core.StandardContext.startInternal Context [/tmall] startup failed due to previous errors
08-Dec-2021 14:30:18.612 INFO [main] org.apache.catalina.startup.HostConfig.deployDirectory Deploying web application directory [/opt/apache-tomcat-9.0.29/webapps/manager]
08-Dec-2021 14:30:18.684 INFO [main] org.apache.catalina.startup.HostConfig.deployDirectory Deployment of web application directory [/opt/apache-tomcat-9.0.29/webapps/manager] has finished in [72] ms
08-Dec-2021 14:30:18.686 INFO [main] org.apache.catalina.startup.HostConfig.deployDirectory Deploying web application directory [/opt/apache-tomcat-9.0.29/webapps/docs]
08-Dec-2021 14:30:18.710 INFO [main] org.apache.catalina.startup.HostConfig.deployDirectory Deployment of web application directory [/opt/apache-tomcat-9.0.29/webapps/docs] has finished in [25] ms
08-Dec-2021 14:30:18.712 INFO [main] org.apache.catalina.startup.HostConfig.deployDirectory Deploying web application directory [/opt/apache-tomcat-9.0.29/webapps/examples]
08-Dec-2021 14:30:19.153 INFO [main] org.apache.catalina.startup.HostConfig.deployDirectory Deployment of web application directory [/opt/apache-tomcat-9.0.29/webapps/examples] has finished in [440] ms
08-Dec-2021 14:30:19.154 INFO [main] org.apache.catalina.startup.HostConfig.deployDirectory Deploying web application directory [/opt/apache-tomcat-9.0.29/webapps/host-manager]
08-Dec-2021 14:30:19.172 INFO [main] org.apache.catalina.startup.HostConfig.deployDirectory Deployment of web application directory [/opt/apache-tomcat-9.0.29/webapps/host-manager] has finished in [18] ms
08-Dec-2021 14:30:19.175 INFO [main] org.apache.catalina.startup.HostConfig.deployDirectory Deploying web application directory [/opt/apache-tomcat-9.0.29/webapps/ROOT]
08-Dec-2021 14:30:19.203 INFO [main] org.apache.catalina.startup.HostConfig.deployDirectory Deployment of web application directory [/opt/apache-tomcat-9.0.29/webapps/ROOT] has finished in [27] ms
08-Dec-2021 14:30:19.216 INFO [main] org.apache.coyote.AbstractProtocol.start Starting ProtocolHandler ["http-nio-8088"]
08-Dec-2021 14:30:19.238 INFO [main] org.apache.coyote.AbstractProtocol.start Starting ProtocolHandler ["ajp-nio-8009"]
08-Dec-2021 14:30:19.269 INFO [main] org.apache.catalina.startup.Catalina.start Server startup in [4,855] milliseconds
08-Dec-2021 14:34:05.269 WARNING [main] org.apache.tomcat.util.digester.SetPropertiesRule.begin Match [Server/Service/Engine/Host/Context] failed to set property [debug] to [0]
08-Dec-2021 14:34:05.364 INFO [main] org.apache.catalina.startup.VersionLoggerListener.log Server version name:   Apache Tomcat/9.0.29
08-Dec-2021 14:34:05.366 INFO [main] org.apache.catalina.startup.VersionLoggerListener.log Server built:          Nov 16 2019 17:29:07 UTC
08-Dec-2021 14:34:05.368 INFO [main] org.apache.catalina.startup.VersionLoggerListener.log Server version number: 9.0.29.0
08-Dec-2021 14:34:05.373 INFO [main] org.apache.catalina.startup.VersionLoggerListener.log OS Name:               Linux
08-Dec-2021 14:34:05.377 INFO [main] org.apache.catalina.startup.VersionLoggerListener.log OS Version:            4.19.121-linuxkit
08-Dec-2021 14:34:05.379 INFO [main] org.apache.catalina.startup.VersionLoggerListener.log Architecture:          amd64
08-Dec-2021 14:34:05.381 INFO [main] org.apache.catalina.startup.VersionLoggerListener.log Java Home:             /opt/jdk1.8.0_131/jre
08-Dec-2021 14:34:05.383 INFO [main] org.apache.catalina.startup.VersionLoggerListener.log JVM Version:           1.8.0_131-b11
08-Dec-2021 14:34:05.385 INFO [main] org.apache.catalina.startup.VersionLoggerListener.log JVM Vendor:            Oracle Corporation
08-Dec-2021 14:34:05.390 INFO [main] org.apache.catalina.startup.VersionLoggerListener.log CATALINA_BASE:         /opt/apache-tomcat-9.0.29
08-Dec-2021 14:34:05.392 INFO [main] org.apache.catalina.startup.VersionLoggerListener.log CATALINA_HOME:         /opt/apache-tomcat-9.0.29
08-Dec-2021 14:34:05.395 INFO [main] org.apache.catalina.startup.VersionLoggerListener.log Command line argument: -Djava.util.logging.config.file=/opt/apache-tomcat-9.0.29/conf/logging.properties
08-Dec-2021 14:34:05.398 INFO [main] org.apache.catalina.startup.VersionLoggerListener.log Command line argument: -Djava.util.logging.manager=org.apache.juli.ClassLoaderLogManager
08-Dec-2021 14:34:05.405 INFO [main] org.apache.catalina.startup.VersionLoggerListener.log Command line argument: -Djdk.tls.ephemeralDHKeySize=2048
08-Dec-2021 14:34:05.408 INFO [main] org.apache.catalina.startup.VersionLoggerListener.log Command line argument: -Djava.protocol.handler.pkgs=org.apache.catalina.webresources
08-Dec-2021 14:34:05.411 INFO [main] org.apache.catalina.startup.VersionLoggerListener.log Command line argument: -Dorg.apache.catalina.security.SecurityListener.UMASK=0027
08-Dec-2021 14:34:05.413 INFO [main] org.apache.catalina.startup.VersionLoggerListener.log Command line argument: -Dignore.endorsed.dirs=
08-Dec-2021 14:34:05.415 INFO [main] org.apache.catalina.startup.VersionLoggerListener.log Command line argument: -Dcatalina.base=/opt/apache-tomcat-9.0.29
08-Dec-2021 14:34:05.420 INFO [main] org.apache.catalina.startup.VersionLoggerListener.log Command line argument: -Dcatalina.home=/opt/apache-tomcat-9.0.29
08-Dec-2021 14:34:05.423 INFO [main] org.apache.catalina.startup.VersionLoggerListener.log Command line argument: -Djava.io.tmpdir=/opt/apache-tomcat-9.0.29/temp
08-Dec-2021 14:34:05.425 INFO [main] org.apache.catalina.core.AprLifecycleListener.lifecycleEvent The APR based Apache Tomcat Native library which allows optimal performance in production environments was not found on the java.library.path: [/usr/java/packages/lib/amd64:/usr/lib64:/lib64:/lib:/usr/lib]
08-Dec-2021 14:34:06.420 INFO [main] org.apache.coyote.AbstractProtocol.init Initializing ProtocolHandler ["http-nio-8088"]
08-Dec-2021 14:34:06.500 INFO [main] org.apache.coyote.AbstractProtocol.init Initializing ProtocolHandler ["ajp-nio-8009"]
08-Dec-2021 14:34:06.505 INFO [main] org.apache.catalina.startup.Catalina.load Server initialization in [2,194] milliseconds
08-Dec-2021 14:34:06.571 INFO [main] org.apache.catalina.core.StandardService.startInternal Starting service [Catalina]
08-Dec-2021 14:34:06.573 INFO [main] org.apache.catalina.core.StandardEngine.startInternal Starting Servlet engine: [Apache Tomcat/9.0.29]
08-Dec-2021 14:34:10.311 INFO [main] org.apache.jasper.servlet.TldScanner.scanJars At least one JAR was scanned for TLDs yet contained no TLDs. Enable debug logging for this logger for a complete list of JARs that were scanned but no TLDs were found in them. Skipping unneeded JARs during scanning can improve startup time and JSP compilation time.
08-Dec-2021 14:34:10.497 SEVERE [main] org.apache.catalina.core.StandardContext.startInternal One or more Filters failed to start. Full details will be found in the appropriate container log file
08-Dec-2021 14:34:10.500 SEVERE [main] org.apache.catalina.core.StandardContext.startInternal Context [/tmall] startup failed due to previous errors
08-Dec-2021 14:34:10.536 INFO [main] org.apache.catalina.startup.HostConfig.deployDirectory Deploying web application directory [/opt/apache-tomcat-9.0.29/webapps/manager]
08-Dec-2021 14:34:10.607 INFO [main] org.apache.catalina.startup.HostConfig.deployDirectory Deployment of web application directory [/opt/apache-tomcat-9.0.29/webapps/manager] has finished in [71] ms
08-Dec-2021 14:34:10.609 INFO [main] org.apache.catalina.startup.HostConfig.deployDirectory Deploying web application directory [/opt/apache-tomcat-9.0.29/webapps/docs]
08-Dec-2021 14:34:10.634 INFO [main] org.apache.catalina.startup.HostConfig.deployDirectory Deployment of web application directory [/opt/apache-tomcat-9.0.29/webapps/docs] has finished in [25] ms
08-Dec-2021 14:34:10.637 INFO [main] org.apache.catalina.startup.HostConfig.deployDirectory Deploying web application directory [/opt/apache-tomcat-9.0.29/webapps/examples]
08-Dec-2021 14:34:10.864 INFO [main] org.apache.catalina.startup.HostConfig.deployDirectory Deployment of web application directory [/opt/apache-tomcat-9.0.29/webapps/examples] has finished in [228] ms
08-Dec-2021 14:34:10.867 INFO [main] org.apache.catalina.startup.HostConfig.deployDirectory Deploying web application directory [/opt/apache-tomcat-9.0.29/webapps/host-manager]
08-Dec-2021 14:34:10.900 INFO [main] org.apache.catalina.startup.HostConfig.deployDirectory Deployment of web application directory [/opt/apache-tomcat-9.0.29/webapps/host-manager] has finished in [32] ms
08-Dec-2021 14:34:10.901 INFO [main] org.apache.catalina.startup.HostConfig.deployDirectory Deploying web application directory [/opt/apache-tomcat-9.0.29/webapps/ROOT]
08-Dec-2021 14:34:10.980 INFO [main] org.apache.catalina.startup.HostConfig.deployDirectory Deployment of web application directory [/opt/apache-tomcat-9.0.29/webapps/ROOT] has finished in [78] ms
08-Dec-2021 14:34:11.007 INFO [main] org.apache.coyote.AbstractProtocol.start Starting ProtocolHandler ["http-nio-8088"]
08-Dec-2021 14:34:11.041 INFO [main] org.apache.coyote.AbstractProtocol.start Starting ProtocolHandler ["ajp-nio-8009"]
08-Dec-2021 14:34:11.060 INFO [main] org.apache.catalina.startup.Catalina.start Server startup in [4,553] milliseconds
08-Dec-2021 14:36:11.516 WARNING [main] org.apache.tomcat.util.digester.SetPropertiesRule.begin Match [Server/Service/Engine/Host/Context] failed to set property [debug] to [0]
08-Dec-2021 14:36:11.600 INFO [main] org.apache.catalina.startup.VersionLoggerListener.log Server version name:   Apache Tomcat/9.0.29
08-Dec-2021 14:36:11.603 INFO [main] org.apache.catalina.startup.VersionLoggerListener.log Server built:          Nov 16 2019 17:29:07 UTC
08-Dec-2021 14:36:11.607 INFO [main] org.apache.catalina.startup.VersionLoggerListener.log Server version number: 9.0.29.0
08-Dec-2021 14:36:11.609 INFO [main] org.apache.catalina.startup.VersionLoggerListener.log OS Name:               Linux
08-Dec-2021 14:36:11.610 INFO [main] org.apache.catalina.startup.VersionLoggerListener.log OS Version:            4.19.121-linuxkit
08-Dec-2021 14:36:11.612 INFO [main] org.apache.catalina.startup.VersionLoggerListener.log Architecture:          amd64
08-Dec-2021 14:36:11.614 INFO [main] org.apache.catalina.startup.VersionLoggerListener.log Java Home:             /opt/jdk1.8.0_131/jre
08-Dec-2021 14:36:11.615 INFO [main] org.apache.catalina.startup.VersionLoggerListener.log JVM Version:           1.8.0_131-b11
08-Dec-2021 14:36:11.616 INFO [main] org.apache.catalina.startup.VersionLoggerListener.log JVM Vendor:            Oracle Corporation
08-Dec-2021 14:36:11.618 INFO [main] org.apache.catalina.startup.VersionLoggerListener.log CATALINA_BASE:         /opt/apache-tomcat-9.0.29
08-Dec-2021 14:36:11.621 INFO [main] org.apache.catalina.startup.VersionLoggerListener.log CATALINA_HOME:         /opt/apache-tomcat-9.0.29
08-Dec-2021 14:36:11.624 INFO [main] org.apache.catalina.startup.VersionLoggerListener.log Command line argument: -Djava.util.logging.config.file=/opt/apache-tomcat-9.0.29/conf/logging.properties
08-Dec-2021 14:36:11.625 INFO [main] org.apache.catalina.startup.VersionLoggerListener.log Command line argument: -Djava.util.logging.manager=org.apache.juli.ClassLoaderLogManager
08-Dec-2021 14:36:11.627 INFO [main] org.apache.catalina.startup.VersionLoggerListener.log Command line argument: -Djdk.tls.ephemeralDHKeySize=2048
08-Dec-2021 14:36:11.628 INFO [main] org.apache.catalina.startup.VersionLoggerListener.log Command line argument: -Djava.protocol.handler.pkgs=org.apache.catalina.webresources
08-Dec-2021 14:36:11.629 INFO [main] org.apache.catalina.startup.VersionLoggerListener.log Command line argument: -Dorg.apache.catalina.security.SecurityListener.UMASK=0027
08-Dec-2021 14:36:11.631 INFO [main] org.apache.catalina.startup.VersionLoggerListener.log Command line argument: -Dignore.endorsed.dirs=
08-Dec-2021 14:36:11.634 INFO [main] org.apache.catalina.startup.VersionLoggerListener.log Command line argument: -Dcatalina.base=/opt/apache-tomcat-9.0.29
08-Dec-2021 14:36:11.636 INFO [main] org.apache.catalina.startup.VersionLoggerListener.log Command line argument: -Dcatalina.home=/opt/apache-tomcat-9.0.29
08-Dec-2021 14:36:11.637 INFO [main] org.apache.catalina.startup.VersionLoggerListener.log Command line argument: -Djava.io.tmpdir=/opt/apache-tomcat-9.0.29/temp
08-Dec-2021 14:36:11.639 INFO [main] org.apache.catalina.core.AprLifecycleListener.lifecycleEvent The APR based Apache Tomcat Native library which allows optimal performance in production environments was not found on the java.library.path: [/usr/java/packages/lib/amd64:/usr/lib64:/lib64:/lib:/usr/lib]
08-Dec-2021 14:36:12.321 INFO [main] org.apache.coyote.AbstractProtocol.init Initializing ProtocolHandler ["http-nio-8088"]
08-Dec-2021 14:36:12.380 INFO [main] org.apache.coyote.AbstractProtocol.init Initializing ProtocolHandler ["ajp-nio-8009"]
08-Dec-2021 14:36:12.392 INFO [main] org.apache.catalina.startup.Catalina.load Server initialization in [1,383] milliseconds
08-Dec-2021 14:36:12.460 INFO [main] org.apache.catalina.core.StandardService.startInternal Starting service [Catalina]
08-Dec-2021 14:36:12.462 INFO [main] org.apache.catalina.core.StandardEngine.startInternal Starting Servlet engine: [Apache Tomcat/9.0.29]
08-Dec-2021 14:36:16.057 INFO [main] org.apache.jasper.servlet.TldScanner.scanJars At least one JAR was scanned for TLDs yet contained no TLDs. Enable debug logging for this logger for a complete list of JARs that were scanned but no TLDs were found in them. Skipping unneeded JARs during scanning can improve startup time and JSP compilation time.
08-Dec-2021 14:36:16.258 SEVERE [main] org.apache.catalina.core.StandardContext.startInternal One or more Filters failed to start. Full details will be found in the appropriate container log file
08-Dec-2021 14:36:16.259 SEVERE [main] org.apache.catalina.core.StandardContext.startInternal Context [/tmall] startup failed due to previous errors
08-Dec-2021 14:36:16.295 INFO [main] org.apache.catalina.startup.HostConfig.deployDirectory Deploying web application directory [/opt/apache-tomcat-9.0.29/webapps/manager]
08-Dec-2021 14:36:16.371 INFO [main] org.apache.catalina.startup.HostConfig.deployDirectory Deployment of web application directory [/opt/apache-tomcat-9.0.29/webapps/manager] has finished in [76] ms
08-Dec-2021 14:36:16.374 INFO [main] org.apache.catalina.startup.HostConfig.deployDirectory Deploying web application directory [/opt/apache-tomcat-9.0.29/webapps/docs]
08-Dec-2021 14:36:16.395 INFO [main] org.apache.catalina.startup.HostConfig.deployDirectory Deployment of web application directory [/opt/apache-tomcat-9.0.29/webapps/docs] has finished in [21] ms
08-Dec-2021 14:36:16.397 INFO [main] org.apache.catalina.startup.HostConfig.deployDirectory Deploying web application directory [/opt/apache-tomcat-9.0.29/webapps/examples]
08-Dec-2021 14:36:16.688 INFO [main] org.apache.catalina.startup.HostConfig.deployDirectory Deployment of web application directory [/opt/apache-tomcat-9.0.29/webapps/examples] has finished in [291] ms
08-Dec-2021 14:36:16.690 INFO [main] org.apache.catalina.startup.HostConfig.deployDirectory Deploying web application directory [/opt/apache-tomcat-9.0.29/webapps/host-manager]
08-Dec-2021 14:36:16.711 INFO [main] org.apache.catalina.startup.HostConfig.deployDirectory Deployment of web application directory [/opt/apache-tomcat-9.0.29/webapps/host-manager] has finished in [22] ms
08-Dec-2021 14:36:16.713 INFO [main] org.apache.catalina.startup.HostConfig.deployDirectory Deploying web application directory [/opt/apache-tomcat-9.0.29/webapps/ROOT]
08-Dec-2021 14:36:16.733 INFO [main] org.apache.catalina.startup.HostConfig.deployDirectory Deployment of web application directory [/opt/apache-tomcat-9.0.29/webapps/ROOT] has finished in [20] ms
08-Dec-2021 14:36:16.749 INFO [main] org.apache.coyote.AbstractProtocol.start Starting ProtocolHandler ["http-nio-8088"]
08-Dec-2021 14:36:16.766 INFO [main] org.apache.coyote.AbstractProtocol.start Starting ProtocolHandler ["ajp-nio-8009"]
08-Dec-2021 14:36:16.776 INFO [main] org.apache.catalina.startup.Catalina.start Server startup in [4,382] milliseconds
08-Dec-2021 15:44:14.564 WARNING [main] org.apache.tomcat.util.digester.SetPropertiesRule.begin Match [Server/Service/Engine/Host/Context] failed to set property [debug] to [0]
08-Dec-2021 15:44:14.631 INFO [main] org.apache.catalina.startup.VersionLoggerListener.log Server version name:   Apache Tomcat/9.0.29
08-Dec-2021 15:44:14.633 INFO [main] org.apache.catalina.startup.VersionLoggerListener.log Server built:          Nov 16 2019 17:29:07 UTC
08-Dec-2021 15:44:14.635 INFO [main] org.apache.catalina.startup.VersionLoggerListener.log Server version number: 9.0.29.0
08-Dec-2021 15:44:14.638 INFO [main] org.apache.catalina.startup.VersionLoggerListener.log OS Name:               Linux
08-Dec-2021 15:44:14.640 INFO [main] org.apache.catalina.startup.VersionLoggerListener.log OS Version:            4.19.121-linuxkit
08-Dec-2021 15:44:14.643 INFO [main] org.apache.catalina.startup.VersionLoggerListener.log Architecture:          amd64
08-Dec-2021 15:44:14.645 INFO [main] org.apache.catalina.startup.VersionLoggerListener.log Java Home:             /opt/jdk1.8.0_131/jre
08-Dec-2021 15:44:14.647 INFO [main] org.apache.catalina.startup.VersionLoggerListener.log JVM Version:           1.8.0_131-b11
08-Dec-2021 15:44:14.650 INFO [main] org.apache.catalina.startup.VersionLoggerListener.log JVM Vendor:            Oracle Corporation
08-Dec-2021 15:44:14.653 INFO [main] org.apache.catalina.startup.VersionLoggerListener.log CATALINA_BASE:         /opt/apache-tomcat-9.0.29
08-Dec-2021 15:44:14.656 INFO [main] org.apache.catalina.startup.VersionLoggerListener.log CATALINA_HOME:         /opt/apache-tomcat-9.0.29
08-Dec-2021 15:44:14.663 INFO [main] org.apache.catalina.startup.VersionLoggerListener.log Command line argument: -Djava.util.logging.config.file=/opt/apache-tomcat-9.0.29/conf/logging.properties
08-Dec-2021 15:44:14.665 INFO [main] org.apache.catalina.startup.VersionLoggerListener.log Command line argument: -Djava.util.logging.manager=org.apache.juli.ClassLoaderLogManager
08-Dec-2021 15:44:14.666 INFO [main] org.apache.catalina.startup.VersionLoggerListener.log Command line argument: -Djdk.tls.ephemeralDHKeySize=2048
08-Dec-2021 15:44:14.668 INFO [main] org.apache.catalina.startup.VersionLoggerListener.log Command line argument: -Djava.protocol.handler.pkgs=org.apache.catalina.webresources
08-Dec-2021 15:44:14.671 INFO [main] org.apache.catalina.startup.VersionLoggerListener.log Command line argument: -Dorg.apache.catalina.security.SecurityListener.UMASK=0027
08-Dec-2021 15:44:14.673 INFO [main] org.apache.catalina.startup.VersionLoggerListener.log Command line argument: -Dignore.endorsed.dirs=
08-Dec-2021 15:44:14.675 INFO [main] org.apache.catalina.startup.VersionLoggerListener.log Command line argument: -Dcatalina.base=/opt/apache-tomcat-9.0.29
08-Dec-2021 15:44:14.678 INFO [main] org.apache.catalina.startup.VersionLoggerListener.log Command line argument: -Dcatalina.home=/opt/apache-tomcat-9.0.29
08-Dec-2021 15:44:14.679 INFO [main] org.apache.catalina.startup.VersionLoggerListener.log Command line argument: -Djava.io.tmpdir=/opt/apache-tomcat-9.0.29/temp
08-Dec-2021 15:44:14.681 INFO [main] org.apache.catalina.core.AprLifecycleListener.lifecycleEvent The APR based Apache Tomcat Native library which allows optimal performance in production environments was not found on the java.library.path: [/usr/java/packages/lib/amd64:/usr/lib64:/lib64:/lib:/usr/lib]
08-Dec-2021 15:44:15.341 INFO [main] org.apache.coyote.AbstractProtocol.init Initializing ProtocolHandler ["http-nio-8088"]
08-Dec-2021 15:44:15.412 INFO [main] org.apache.coyote.AbstractProtocol.init Initializing ProtocolHandler ["ajp-nio-8009"]
08-Dec-2021 15:44:15.429 INFO [main] org.apache.catalina.startup.Catalina.load Server initialization in [1,375] milliseconds
08-Dec-2021 15:44:15.508 INFO [main] org.apache.catalina.core.StandardService.startInternal Starting service [Catalina]
08-Dec-2021 15:44:15.511 INFO [main] org.apache.catalina.core.StandardEngine.startInternal Starting Servlet engine: [Apache Tomcat/9.0.29]
08-Dec-2021 15:44:18.664 INFO [main] org.apache.jasper.servlet.TldScanner.scanJars At least one JAR was scanned for TLDs yet contained no TLDs. Enable debug logging for this logger for a complete list of JARs that were scanned but no TLDs were found in them. Skipping unneeded JARs during scanning can improve startup time and JSP compilation time.
08-Dec-2021 15:44:18.874 SEVERE [main] org.apache.catalina.core.StandardContext.startInternal One or more Filters failed to start. Full details will be found in the appropriate container log file
08-Dec-2021 15:44:18.877 SEVERE [main] org.apache.catalina.core.StandardContext.startInternal Context [/tmall] startup failed due to previous errors
08-Dec-2021 15:44:18.904 INFO [main] org.apache.catalina.startup.HostConfig.deployDirectory Deploying web application directory [/opt/apache-tomcat-9.0.29/webapps/manager]
08-Dec-2021 15:44:18.984 INFO [main] org.apache.catalina.startup.HostConfig.deployDirectory Deployment of web application directory [/opt/apache-tomcat-9.0.29/webapps/manager] has finished in [80] ms
08-Dec-2021 15:44:18.986 INFO [main] org.apache.catalina.startup.HostConfig.deployDirectory Deploying web application directory [/opt/apache-tomcat-9.0.29/webapps/docs]
08-Dec-2021 15:44:19.015 INFO [main] org.apache.catalina.startup.HostConfig.deployDirectory Deployment of web application directory [/opt/apache-tomcat-9.0.29/webapps/docs] has finished in [29] ms
08-Dec-2021 15:44:19.017 INFO [main] org.apache.catalina.startup.HostConfig.deployDirectory Deploying web application directory [/opt/apache-tomcat-9.0.29/webapps/examples]
08-Dec-2021 15:44:19.311 INFO [main] org.apache.catalina.startup.HostConfig.deployDirectory Deployment of web application directory [/opt/apache-tomcat-9.0.29/webapps/examples] has finished in [294] ms
08-Dec-2021 15:44:19.314 INFO [main] org.apache.catalina.startup.HostConfig.deployDirectory Deploying web application directory [/opt/apache-tomcat-9.0.29/webapps/host-manager]
08-Dec-2021 15:44:19.344 INFO [main] org.apache.catalina.startup.HostConfig.deployDirectory Deployment of web application directory [/opt/apache-tomcat-9.0.29/webapps/host-manager] has finished in [30] ms
08-Dec-2021 15:44:19.346 INFO [main] org.apache.catalina.startup.HostConfig.deployDirectory Deploying web application directory [/opt/apache-tomcat-9.0.29/webapps/ROOT]
08-Dec-2021 15:44:19.366 INFO [main] org.apache.catalina.startup.HostConfig.deployDirectory Deployment of web application directory [/opt/apache-tomcat-9.0.29/webapps/ROOT] has finished in [19] ms
08-Dec-2021 15:44:19.381 INFO [main] org.apache.coyote.AbstractProtocol.start Starting ProtocolHandler ["http-nio-8088"]
08-Dec-2021 15:44:19.401 INFO [main] org.apache.coyote.AbstractProtocol.start Starting ProtocolHandler ["ajp-nio-8009"]
08-Dec-2021 15:44:19.411 INFO [main] org.apache.catalina.startup.Catalina.start Server startup in [3,980] milliseconds
08-Dec-2021 15:55:43.771 WARNING [main] org.apache.tomcat.util.digester.SetPropertiesRule.begin Match [Server/Service/Engine/Host/Context] failed to set property [debug] to [0]
08-Dec-2021 15:55:43.841 INFO [main] org.apache.catalina.startup.VersionLoggerListener.log Server version name:   Apache Tomcat/9.0.29
08-Dec-2021 15:55:43.843 INFO [main] org.apache.catalina.startup.VersionLoggerListener.log Server built:          Nov 16 2019 17:29:07 UTC
08-Dec-2021 15:55:43.844 INFO [main] org.apache.catalina.startup.VersionLoggerListener.log Server version number: 9.0.29.0
08-Dec-2021 15:55:43.846 INFO [main] org.apache.catalina.startup.VersionLoggerListener.log OS Name:               Linux
08-Dec-2021 15:55:43.847 INFO [main] org.apache.catalina.startup.VersionLoggerListener.log OS Version:            4.19.121-linuxkit
08-Dec-2021 15:55:43.848 INFO [main] org.apache.catalina.startup.VersionLoggerListener.log Architecture:          amd64
08-Dec-2021 15:55:43.849 INFO [main] org.apache.catalina.startup.VersionLoggerListener.log Java Home:             /opt/jdk1.8.0_131/jre
08-Dec-2021 15:55:43.850 INFO [main] org.apache.catalina.startup.VersionLoggerListener.log JVM Version:           1.8.0_131-b11
08-Dec-2021 15:55:43.852 INFO [main] org.apache.catalina.startup.VersionLoggerListener.log JVM Vendor:            Oracle Corporation
08-Dec-2021 15:55:43.854 INFO [main] org.apache.catalina.startup.VersionLoggerListener.log CATALINA_BASE:         /opt/apache-tomcat-9.0.29
08-Dec-2021 15:55:43.855 INFO [main] org.apache.catalina.startup.VersionLoggerListener.log CATALINA_HOME:         /opt/apache-tomcat-9.0.29
08-Dec-2021 15:55:43.860 INFO [main] org.apache.catalina.startup.VersionLoggerListener.log Command line argument: -Djava.util.logging.config.file=/opt/apache-tomcat-9.0.29/conf/logging.properties
08-Dec-2021 15:55:43.861 INFO [main] org.apache.catalina.startup.VersionLoggerListener.log Command line argument: -Djava.util.logging.manager=org.apache.juli.ClassLoaderLogManager
08-Dec-2021 15:55:43.863 INFO [main] org.apache.catalina.startup.VersionLoggerListener.log Command line argument: -Djdk.tls.ephemeralDHKeySize=2048
08-Dec-2021 15:55:43.864 INFO [main] org.apache.catalina.startup.VersionLoggerListener.log Command line argument: -Djava.protocol.handler.pkgs=org.apache.catalina.webresources
08-Dec-2021 15:55:43.866 INFO [main] org.apache.catalina.startup.VersionLoggerListener.log Command line argument: -Dorg.apache.catalina.security.SecurityListener.UMASK=0027
08-Dec-2021 15:55:43.867 INFO [main] org.apache.catalina.startup.VersionLoggerListener.log Command line argument: -Dignore.endorsed.dirs=
08-Dec-2021 15:55:43.868 INFO [main] org.apache.catalina.startup.VersionLoggerListener.log Command line argument: -Dcatalina.base=/opt/apache-tomcat-9.0.29
08-Dec-2021 15:55:43.869 INFO [main] org.apache.catalina.startup.VersionLoggerListener.log Command line argument: -Dcatalina.home=/opt/apache-tomcat-9.0.29
08-Dec-2021 15:55:43.871 INFO [main] org.apache.catalina.startup.VersionLoggerListener.log Command line argument: -Djava.io.tmpdir=/opt/apache-tomcat-9.0.29/temp
08-Dec-2021 15:55:43.872 INFO [main] org.apache.catalina.core.AprLifecycleListener.lifecycleEvent The APR based Apache Tomcat Native library which allows optimal performance in production environments was not found on the java.library.path: [/usr/java/packages/lib/amd64:/usr/lib64:/lib64:/lib:/usr/lib]
08-Dec-2021 15:55:44.456 INFO [main] org.apache.coyote.AbstractProtocol.init Initializing ProtocolHandler ["http-nio-8088"]
08-Dec-2021 15:55:44.528 INFO [main] org.apache.coyote.AbstractProtocol.init Initializing ProtocolHandler ["ajp-nio-8009"]
08-Dec-2021 15:55:44.543 INFO [main] org.apache.catalina.startup.Catalina.load Server initialization in [1,190] milliseconds
08-Dec-2021 15:55:44.604 INFO [main] org.apache.catalina.core.StandardService.startInternal Starting service [Catalina]
08-Dec-2021 15:55:44.605 INFO [main] org.apache.catalina.core.StandardEngine.startInternal Starting Servlet engine: [Apache Tomcat/9.0.29]
08-Dec-2021 15:55:48.213 INFO [main] org.apache.jasper.servlet.TldScanner.scanJars At least one JAR was scanned for TLDs yet contained no TLDs. Enable debug logging for this logger for a complete list of JARs that were scanned but no TLDs were found in them. Skipping unneeded JARs during scanning can improve startup time and JSP compilation time.
08-Dec-2021 15:55:48.432 SEVERE [main] org.apache.catalina.core.StandardContext.startInternal One or more Filters failed to start. Full details will be found in the appropriate container log file
08-Dec-2021 15:55:48.434 SEVERE [main] org.apache.catalina.core.StandardContext.startInternal Context [/tmall] startup failed due to previous errors
08-Dec-2021 15:55:48.460 INFO [main] org.apache.catalina.startup.HostConfig.deployDirectory Deploying web application directory [/opt/apache-tomcat-9.0.29/webapps/manager]
08-Dec-2021 15:55:48.530 INFO [main] org.apache.catalina.startup.HostConfig.deployDirectory Deployment of web application directory [/opt/apache-tomcat-9.0.29/webapps/manager] has finished in [70] ms
08-Dec-2021 15:55:48.532 INFO [main] org.apache.catalina.startup.HostConfig.deployDirectory Deploying web application directory [/opt/apache-tomcat-9.0.29/webapps/docs]
08-Dec-2021 15:55:48.548 INFO [main] org.apache.catalina.startup.HostConfig.deployDirectory Deployment of web application directory [/opt/apache-tomcat-9.0.29/webapps/docs] has finished in [17] ms
08-Dec-2021 15:55:48.550 INFO [main] org.apache.catalina.startup.HostConfig.deployDirectory Deploying web application directory [/opt/apache-tomcat-9.0.29/webapps/examples]
08-Dec-2021 15:55:48.872 INFO [main] org.apache.catalina.startup.HostConfig.deployDirectory Deployment of web application directory [/opt/apache-tomcat-9.0.29/webapps/examples] has finished in [320] ms
08-Dec-2021 15:55:48.877 INFO [main] org.apache.catalina.startup.HostConfig.deployDirectory Deploying web application directory [/opt/apache-tomcat-9.0.29/webapps/host-manager]
08-Dec-2021 15:55:48.902 INFO [main] org.apache.catalina.startup.HostConfig.deployDirectory Deployment of web application directory [/opt/apache-tomcat-9.0.29/webapps/host-manager] has finished in [26] ms
08-Dec-2021 15:55:48.906 INFO [main] org.apache.catalina.startup.HostConfig.deployDirectory Deploying web application directory [/opt/apache-tomcat-9.0.29/webapps/ROOT]
08-Dec-2021 15:55:48.940 INFO [main] org.apache.catalina.startup.HostConfig.deployDirectory Deployment of web application directory [/opt/apache-tomcat-9.0.29/webapps/ROOT] has finished in [34] ms
08-Dec-2021 15:55:48.954 INFO [main] org.apache.coyote.AbstractProtocol.start Starting ProtocolHandler ["http-nio-8088"]
08-Dec-2021 15:55:48.975 INFO [main] org.apache.coyote.AbstractProtocol.start Starting ProtocolHandler ["ajp-nio-8009"]
08-Dec-2021 15:55:48.984 INFO [main] org.apache.catalina.startup.Catalina.start Server startup in [4,438] milliseconds
08-Dec-2021 16:03:02.330 WARNING [main] org.apache.tomcat.util.digester.SetPropertiesRule.begin Match [Server/Service/Engine/Host/Context] failed to set property [debug] to [0]
08-Dec-2021 16:03:02.377 INFO [main] org.apache.catalina.startup.VersionLoggerListener.log Server version name:   Apache Tomcat/9.0.29
08-Dec-2021 16:03:02.379 INFO [main] org.apache.catalina.startup.VersionLoggerListener.log Server built:          Nov 16 2019 17:29:07 UTC
08-Dec-2021 16:03:02.382 INFO [main] org.apache.catalina.startup.VersionLoggerListener.log Server version number: 9.0.29.0
08-Dec-2021 16:03:02.384 INFO [main] org.apache.catalina.startup.VersionLoggerListener.log OS Name:               Linux
08-Dec-2021 16:03:02.387 INFO [main] org.apache.catalina.startup.VersionLoggerListener.log OS Version:            4.19.121-linuxkit
08-Dec-2021 16:03:02.389 INFO [main] org.apache.catalina.startup.VersionLoggerListener.log Architecture:          amd64
08-Dec-2021 16:03:02.391 INFO [main] org.apache.catalina.startup.VersionLoggerListener.log Java Home:             /opt/jdk1.8.0_131/jre
08-Dec-2021 16:03:02.392 INFO [main] org.apache.catalina.startup.VersionLoggerListener.log JVM Version:           1.8.0_131-b11
08-Dec-2021 16:03:02.394 INFO [main] org.apache.catalina.startup.VersionLoggerListener.log JVM Vendor:            Oracle Corporation
08-Dec-2021 16:03:02.396 INFO [main] org.apache.catalina.startup.VersionLoggerListener.log CATALINA_BASE:         /opt/apache-tomcat-9.0.29
08-Dec-2021 16:03:02.397 INFO [main] org.apache.catalina.startup.VersionLoggerListener.log CATALINA_HOME:         /opt/apache-tomcat-9.0.29
08-Dec-2021 16:03:02.400 INFO [main] org.apache.catalina.startup.VersionLoggerListener.log Command line argument: -Djava.util.logging.config.file=/opt/apache-tomcat-9.0.29/conf/logging.properties
08-Dec-2021 16:03:02.402 INFO [main] org.apache.catalina.startup.VersionLoggerListener.log Command line argument: -Djava.util.logging.manager=org.apache.juli.ClassLoaderLogManager
08-Dec-2021 16:03:02.404 INFO [main] org.apache.catalina.startup.VersionLoggerListener.log Command line argument: -Djdk.tls.ephemeralDHKeySize=2048
08-Dec-2021 16:03:02.406 INFO [main] org.apache.catalina.startup.VersionLoggerListener.log Command line argument: -Djava.protocol.handler.pkgs=org.apache.catalina.webresources
08-Dec-2021 16:03:02.408 INFO [main] org.apache.catalina.startup.VersionLoggerListener.log Command line argument: -Dorg.apache.catalina.security.SecurityListener.UMASK=0027
08-Dec-2021 16:03:02.409 INFO [main] org.apache.catalina.startup.VersionLoggerListener.log Command line argument: -Dignore.endorsed.dirs=
08-Dec-2021 16:03:02.411 INFO [main] org.apache.catalina.startup.VersionLoggerListener.log Command line argument: -Dcatalina.base=/opt/apache-tomcat-9.0.29
08-Dec-2021 16:03:02.413 INFO [main] org.apache.catalina.startup.VersionLoggerListener.log Command line argument: -Dcatalina.home=/opt/apache-tomcat-9.0.29
08-Dec-2021 16:03:02.415 INFO [main] org.apache.catalina.startup.VersionLoggerListener.log Command line argument: -Djava.io.tmpdir=/opt/apache-tomcat-9.0.29/temp
08-Dec-2021 16:03:02.417 INFO [main] org.apache.catalina.core.AprLifecycleListener.lifecycleEvent The APR based Apache Tomcat Native library which allows optimal performance in production environments was not found on the java.library.path: [/usr/java/packages/lib/amd64:/usr/lib64:/lib64:/lib:/usr/lib]
08-Dec-2021 16:03:03.004 INFO [main] org.apache.coyote.AbstractProtocol.init Initializing ProtocolHandler ["http-nio-8088"]
08-Dec-2021 16:03:03.071 INFO [main] org.apache.coyote.AbstractProtocol.init Initializing ProtocolHandler ["ajp-nio-8009"]
08-Dec-2021 16:03:03.085 INFO [main] org.apache.catalina.startup.Catalina.load Server initialization in [1,189] milliseconds
08-Dec-2021 16:03:03.142 INFO [main] org.apache.catalina.core.StandardService.startInternal Starting service [Catalina]
08-Dec-2021 16:03:03.144 INFO [main] org.apache.catalina.core.StandardEngine.startInternal Starting Servlet engine: [Apache Tomcat/9.0.29]
08-Dec-2021 16:03:06.449 INFO [main] org.apache.jasper.servlet.TldScanner.scanJars At least one JAR was scanned for TLDs yet contained no TLDs. Enable debug logging for this logger for a complete list of JARs that were scanned but no TLDs were found in them. Skipping unneeded JARs during scanning can improve startup time and JSP compilation time.
08-Dec-2021 16:03:06.603 SEVERE [main] org.apache.catalina.core.StandardContext.startInternal One or more Filters failed to start. Full details will be found in the appropriate container log file
08-Dec-2021 16:03:06.605 SEVERE [main] org.apache.catalina.core.StandardContext.startInternal Context [/tmall] startup failed due to previous errors
08-Dec-2021 16:03:06.638 INFO [main] org.apache.catalina.startup.HostConfig.deployDirectory Deploying web application directory [/opt/apache-tomcat-9.0.29/webapps/manager]
08-Dec-2021 16:03:06.714 INFO [main] org.apache.catalina.startup.HostConfig.deployDirectory Deployment of web application directory [/opt/apache-tomcat-9.0.29/webapps/manager] has finished in [75] ms
08-Dec-2021 16:03:06.716 INFO [main] org.apache.catalina.startup.HostConfig.deployDirectory Deploying web application directory [/opt/apache-tomcat-9.0.29/webapps/docs]
08-Dec-2021 16:03:06.742 INFO [main] org.apache.catalina.startup.HostConfig.deployDirectory Deployment of web application directory [/opt/apache-tomcat-9.0.29/webapps/docs] has finished in [27] ms
08-Dec-2021 16:03:06.747 INFO [main] org.apache.catalina.startup.HostConfig.deployDirectory Deploying web application directory [/opt/apache-tomcat-9.0.29/webapps/examples]
08-Dec-2021 16:03:07.035 INFO [main] org.apache.catalina.startup.HostConfig.deployDirectory Deployment of web application directory [/opt/apache-tomcat-9.0.29/webapps/examples] has finished in [289] ms
08-Dec-2021 16:03:07.037 INFO [main] org.apache.catalina.startup.HostConfig.deployDirectory Deploying web application directory [/opt/apache-tomcat-9.0.29/webapps/host-manager]
08-Dec-2021 16:03:07.061 INFO [main] org.apache.catalina.startup.HostConfig.deployDirectory Deployment of web application directory [/opt/apache-tomcat-9.0.29/webapps/host-manager] has finished in [24] ms
08-Dec-2021 16:03:07.064 INFO [main] org.apache.catalina.startup.HostConfig.deployDirectory Deploying web application directory [/opt/apache-tomcat-9.0.29/webapps/ROOT]
08-Dec-2021 16:03:07.081 INFO [main] org.apache.catalina.startup.HostConfig.deployDirectory Deployment of web application directory [/opt/apache-tomcat-9.0.29/webapps/ROOT] has finished in [17] ms
08-Dec-2021 16:03:07.090 INFO [main] org.apache.coyote.AbstractProtocol.start Starting ProtocolHandler ["http-nio-8088"]
08-Dec-2021 16:03:07.119 INFO [main] org.apache.coyote.AbstractProtocol.start Starting ProtocolHandler ["ajp-nio-8009"]
08-Dec-2021 16:03:07.129 INFO [main] org.apache.catalina.startup.Catalina.start Server startup in [4,042] milliseconds
